\BOOKMARK [0][-]{chapter.1}{\376\377\000I\000n\000t\000r\000o\000d\000u\000c\000t\000i\000o\000n}{}% 1
\BOOKMARK [1][-]{section.1.1}{\376\377\000B\000a\000c\000k\000g\000r\000o\000u\000n\000d}{chapter.1}% 2
\BOOKMARK [1][-]{section.1.2}{\376\377\000P\000r\000o\000b\000l\000e\000m\000\040\000\046\000\040\000m\000o\000t\000i\000v\000a\000t\000i\000o\000n}{chapter.1}% 3
\BOOKMARK [1][-]{section.1.3}{\376\377\000P\000u\000r\000p\000o\000s\000e\000\040\000\046\000\040\000d\000e\000l\000i\000m\000i\000t\000a\000t\000i\000o\000n\000s}{chapter.1}% 4
\BOOKMARK [1][-]{section.1.4}{\376\377\000D\000o\000c\000u\000m\000e\000n\000t\000\040\000s\000t\000r\000u\000c\000t\000u\000r\000e}{chapter.1}% 5
\BOOKMARK [0][-]{chapter.2}{\376\377\000H\000e\000a\000l\000t\000h\000\040\000s\000e\000c\000t\000o\000r\000\040\000\046\000\040\000D\000a\000t\000a}{}% 6
\BOOKMARK [1][-]{section.2.1}{\376\377\000M\000e\000d\000i\000c\000a\000l\000\040\000r\000e\000c\000o\000r\000d\000s\000\040\000m\000a\000n\000a\000g\000e\000m\000e\000n\000t}{chapter.2}% 7
\BOOKMARK [2][-]{subsection.2.1.1}{\376\377\000E\000l\000e\000c\000t\000r\000o\000n\000i\000c\000\040\000m\000e\000d\000i\000c\000a\000l\000\040\000r\000e\000c\000o\000r\000d}{section.2.1}% 8
\BOOKMARK [2][-]{subsection.2.1.2}{\376\377\000E\000l\000e\000c\000t\000r\000o\000n\000i\000c\000\040\000h\000e\000a\000l\000t\000h\000\040\000r\000e\000c\000o\000r\000d}{section.2.1}% 9
\BOOKMARK [2][-]{subsection.2.1.3}{\376\377\000T\000h\000e\000\040\000D\000i\000f\000f\000e\000r\000e\000n\000c\000e\000\040\000B\000e\000t\000w\000e\000e\000n\000\040\000E\000M\000R\000\040\000\046\000\040\000E\000H\000R}{section.2.1}% 10
\BOOKMARK [2][-]{subsection.2.1.4}{\376\377\000P\000e\000r\000s\000o\000n\000a\000l\000\040\000h\000e\000a\000l\000t\000h\000\040\000r\000e\000c\000o\000r\000d}{section.2.1}% 11
\BOOKMARK [1][-]{section.2.2}{\376\377\000S\000e\000c\000u\000r\000i\000t\000y\000\040\000i\000n\000\040\000m\000e\000d\000i\000c\000a\000l\000\040\000r\000e\000c\000o\000r\000d\000s\000\040\000m\000a\000n\000a\000g\000e\000m\000e\000n\000t}{chapter.2}% 12
\BOOKMARK [0][-]{chapter.3}{\376\377\000I\000n\000f\000o\000r\000m\000a\000t\000i\000o\000n\000\040\000V\000i\000s\000u\000a\000l\000i\000z\000a\000t\000i\000o\000n\000\040\000\050\000i\000n\000f\000o\000V\000i\000s\000\051}{}% 13
\BOOKMARK [1][-]{section.3.1}{\376\377\000D\000e\000f\000i\000n\000i\000t\000i\000o\000n}{chapter.3}% 14
\BOOKMARK [1][-]{section.3.2}{\376\377\000V\000i\000s\000u\000a\000l\000i\000z\000a\000t\000i\000o\000n\000\040\000p\000i\000p\000e\000l\000i\000n\000e}{chapter.3}% 15
\BOOKMARK [1][-]{section.3.3}{\376\377\000I\000n\000f\000o\000V\000i\000s\000\040\000a\000n\000d\000\040\000m\000e\000d\000i\000c\000a\000l\000\040\000d\000a\000t\000a\000\040\000-\000L\000i\000t\000e\000r\000a\000t\000u\000r\000e\000\040\000\046\000\040\000R\000e\000l\000a\000t\000e\000d\000\040\000w\000o\000r\000k\000s\000\040\000r\000e\000v\000i\000e\000w\000-}{chapter.3}% 16
\BOOKMARK [1][-]{section.3.4}{\376\377\000S\000y\000s\000t\000e\000m\000\040\000d\000e\000s\000i\000g\000n}{chapter.3}% 17
\BOOKMARK [2][-]{subsection.3.4.1}{\376\377\000T\000h\000e\000\040\000D\000a\000t\000a\000\040\000W\000a\000r\000e\000h\000o\000u\000s\000e\000\040\000A\000r\000c\000h\000i\000t\000e\000c\000t\000u\000r\000e}{section.3.4}% 18
\BOOKMARK [2][-]{subsection.3.4.2}{\376\377\000D\000i\000a\000g\000r\000a\000m\000s\000\040\000\046\000\040\000A\000r\000c\000h\000i\000t\000e\000c\000t\000u\000r\000e}{section.3.4}% 19
\BOOKMARK [1][-]{section.3.5}{\376\377\000D\000a\000t\000a\000\040\000I\000n\000t\000e\000g\000r\000a\000t\000i\000o\000n\000\040\000A\000p\000p\000r\000o\000a\000c\000h\000e\000s}{chapter.3}% 20
\BOOKMARK [2][-]{subsection.3.5.1}{\376\377\000E\000x\000t\000r\000a\000c\000t\000\040\000T\000r\000a\000n\000s\000f\000o\000r\000m\000\040\000a\000n\000d\000\040\000L\000o\000a\000d\000\040\000\050\000E\000T\000L\000\051}{section.3.5}% 21
\BOOKMARK [2][-]{subsection.3.5.2}{\376\377\000E\000n\000t\000e\000r\000p\000r\000i\000s\000e\000\040\000I\000n\000f\000o\000r\000m\000a\000t\000i\000o\000n\000\040\000I\000n\000t\000e\000g\000r\000a\000t\000i\000o\000n\000\050\000E\000I\000I\000\051}{section.3.5}% 22
\BOOKMARK [2][-]{subsection.3.5.3}{\376\377\000E\000n\000t\000e\000r\000p\000r\000i\000s\000e\000\040\000A\000p\000p\000l\000i\000c\000a\000t\000i\000o\000n\000\040\000I\000n\000t\000e\000g\000r\000a\000t\000i\000o\000n\000\050\000E\000A\000I\000\051}{section.3.5}% 23
\BOOKMARK [0][-]{chapter.4}{\376\377\000I\000m\000p\000l\000e\000m\000e\000n\000t\000a\000t\000i\000o\000n}{}% 24
\BOOKMARK [1][-]{section.4.1}{\376\377\000T\000o\000o\000l\000s}{chapter.4}% 25
\BOOKMARK [1][-]{section.4.2}{\376\377\000R\000e\000s\000u\000l\000t}{chapter.4}% 26
\BOOKMARK [0][-]{chapter.5}{\376\377\000C\000o\000n\000c\000l\000u\000s\000i\000o\000n\000\040\000\046\000\040\000F\000u\000t\000u\000r\000e\000\040\000w\000o\000r\000k}{}% 27
