This is pdfTeX, Version 3.141592653-2.6-1.40.23 (MiKTeX 21.10) (preloaded format=pdflatex 2021.11.20)  7 JUN 2022 21:17
entering extended mode
**d:/Workspace/thesisM2/main.tex
(d:/Workspace/thesisM2/main.tex
LaTeX2e <2021-11-15>
L3 programming layer <2021-11-12> (C:\Users\lenovo\AppData\Local\Programs\MiKTeX\tex/latex/base\report.cls
Document Class: report 2021/10/04 v1.4n Standard LaTeX document class
(C:\Users\lenovo\AppData\Local\Programs\MiKTeX\tex/latex/base\size12.clo
File: size12.clo 2021/10/04 v1.4n Standard LaTeX file (size option)
)
\c@part=\count183
\c@chapter=\count184
\c@section=\count185
\c@subsection=\count186
\c@subsubsection=\count187
\c@paragraph=\count188
\c@subparagraph=\count189
\c@figure=\count190
\c@table=\count191
\abovecaptionskip=\skip47
\belowcaptionskip=\skip48
\bibindent=\dimen138
) (C:\Users\lenovo\AppData\Local\Programs\MiKTeX\tex/latex/base\inputenc.sty
Package: inputenc 2021/02/14 v1.3d Input encoding file
\inpenc@prehook=\toks16
\inpenc@posthook=\toks17
) (C:\Users\lenovo\AppData\Local\Programs\MiKTeX\tex/latex/fourier\fourier.sty
Package: fourier 2022/02/05 2.3 fourier-GUTenberg package
 (C:\Users\lenovo\AppData\Local\Programs\MiKTeX\tex/generic/iftex\iftex.sty
Package: iftex 2020/03/06 v1.0d TeX engine tests
)
Now handling font encoding FML ...
... no UTF-8 mapping file for font encoding FML
Now handling font encoding FMS ...
... no UTF-8 mapping file for font encoding FMS
Now handling font encoding FMX ...
... no UTF-8 mapping file for font encoding FMX
 (C:\Users\lenovo\AppData\Local\Programs\MiKTeX\tex/latex/base\fontenc.sty
Package: fontenc 2021/04/29 v2.0v Standard LaTeX package
LaTeX Font Info:    Trying to load font information for T1+futs on input line 112.
 (C:\Users\lenovo\AppData\Local\Programs\MiKTeX\tex/latex/fourier\t1futs.fd
File: t1futs.fd 2004/03/02 Fontinst v1.926 font definitions for T1/futs.
)) (C:\Users\lenovo\AppData\Local\Programs\MiKTeX\tex/latex/base\textcomp.sty
Package: textcomp 2020/02/02 v2.0n Standard LaTeX package
) (C:\Users\lenovo\AppData\Local\Programs\MiKTeX\tex/latex/fourier\fourier-orns.sty
Package: fourier-orns 2022/02/05 2.3 fourier-ornaments package
)
LaTeX Font Info:    Redeclaring symbol font `operators' on input line 63.
LaTeX Font Info:    Encoding `OT1' has changed to `T1' for symbol font
(Font)              `operators' in the math version `normal' on input line 63.
LaTeX Font Info:    Overwriting symbol font `operators' in version `normal'
(Font)                  OT1/cmr/m/n --> T1/futs/m/n on input line 63.
LaTeX Font Info:    Encoding `OT1' has changed to `T1' for symbol font
(Font)              `operators' in the math version `bold' on input line 63.
LaTeX Font Info:    Overwriting symbol font `operators' in version `bold'
(Font)                  OT1/cmr/bx/n --> T1/futs/m/n on input line 63.
LaTeX Font Info:    Overwriting symbol font `operators' in version `bold'
(Font)                  T1/futs/m/n --> T1/futs/b/n on input line 64.
LaTeX Font Info:    Redeclaring symbol font `letters' on input line 72.
LaTeX Font Info:    Encoding `OML' has changed to `FML' for symbol font
(Font)              `letters' in the math version `normal' on input line 72.
LaTeX Font Info:    Overwriting symbol font `letters' in version `normal'
(Font)                  OML/cmm/m/it --> FML/futmi/m/it on input line 72.
LaTeX Font Info:    Encoding `OML' has changed to `FML' for symbol font
(Font)              `letters' in the math version `bold' on input line 72.
LaTeX Font Info:    Overwriting symbol font `letters' in version `bold'
(Font)                  OML/cmm/b/it --> FML/futmi/m/it on input line 72.
\symotherletters=\mathgroup4
LaTeX Font Info:    Overwriting symbol font `letters' in version `bold'
(Font)                  FML/futmi/m/it --> FML/futmi/b/it on input line 74.
LaTeX Font Info:    Overwriting symbol font `otherletters' in version `bold'
(Font)                  FML/futm/m/it --> FML/futm/b/it on input line 75.
LaTeX Font Info:    Redeclaring math symbol \Gamma on input line 76.
LaTeX Font Info:    Redeclaring math symbol \Delta on input line 77.
LaTeX Font Info:    Redeclaring math symbol \Theta on input line 78.
LaTeX Font Info:    Redeclaring math symbol \Lambda on input line 79.
LaTeX Font Info:    Redeclaring math symbol \Xi on input line 80.
LaTeX Font Info:    Redeclaring math symbol \Pi on input line 81.
LaTeX Font Info:    Redeclaring math symbol \Sigma on input line 82.
LaTeX Font Info:    Redeclaring math symbol \Upsilon on input line 83.
LaTeX Font Info:    Redeclaring math symbol \Phi on input line 84.
LaTeX Font Info:    Redeclaring math symbol \Psi on input line 85.
LaTeX Font Info:    Redeclaring math symbol \Omega on input line 86.
LaTeX Font Info:    Redeclaring symbol font `symbols' on input line 126.
LaTeX Font Info:    Encoding `OMS' has changed to `FMS' for symbol font
(Font)              `symbols' in the math version `normal' on input line 126.
LaTeX Font Info:    Overwriting symbol font `symbols' in version `normal'
(Font)                  OMS/cmsy/m/n --> FMS/futm/m/n on input line 126.
LaTeX Font Info:    Encoding `OMS' has changed to `FMS' for symbol font
(Font)              `symbols' in the math version `bold' on input line 126.
LaTeX Font Info:    Overwriting symbol font `symbols' in version `bold'
(Font)                  OMS/cmsy/b/n --> FMS/futm/m/n on input line 126.
LaTeX Font Info:    Redeclaring symbol font `largesymbols' on input line 127.
LaTeX Font Info:    Encoding `OMX' has changed to `FMX' for symbol font
(Font)              `largesymbols' in the math version `normal' on input line 127.
LaTeX Font Info:    Overwriting symbol font `largesymbols' in version `normal'
(Font)                  OMX/cmex/m/n --> FMX/futm/m/n on input line 127.
LaTeX Font Info:    Encoding `OMX' has changed to `FMX' for symbol font
(Font)              `largesymbols' in the math version `bold' on input line 127.
LaTeX Font Info:    Overwriting symbol font `largesymbols' in version `bold'
(Font)                  OMX/cmex/m/n --> FMX/futm/m/n on input line 127.
LaTeX Font Info:    Redeclaring math alphabet \mathbf on input line 128.
LaTeX Font Info:    Overwriting math alphabet `\mathbf' in version `normal'
(Font)                  OT1/cmr/bx/n --> T1/futs/bx/n on input line 128.
LaTeX Font Info:    Overwriting math alphabet `\mathbf' in version `bold'
(Font)                  OT1/cmr/bx/n --> T1/futs/bx/n on input line 128.
LaTeX Font Info:    Redeclaring math alphabet \mathrm on input line 129.
LaTeX Font Info:    Redeclaring math alphabet \mathit on input line 130.
LaTeX Font Info:    Overwriting math alphabet `\mathit' in version `normal'
(Font)                  OT1/cmr/m/it --> T1/futs/m/it on input line 130.
LaTeX Font Info:    Overwriting math alphabet `\mathit' in version `bold'
(Font)                  OT1/cmr/bx/it --> T1/futs/m/it on input line 130.
LaTeX Font Info:    Redeclaring math alphabet \mathcal on input line 131.
LaTeX Font Info:    Redeclaring math symbol \parallel on input line 147.
LaTeX Font Info:    Redeclaring math symbol \hbar on input line 161.
LaTeX Font Info:    Redeclaring math symbol \varkappa on input line 199.
LaTeX Font Info:    Redeclaring math symbol \varvarrho on input line 200.
LaTeX Font Info:    Redeclaring math delimiter \Vert on input line 223.
LaTeX Font Info:    Redeclaring math delimiter \vert on input line 228.
LaTeX Font Info:    Redeclaring math delimiter \Downarrow on input line 238.
LaTeX Font Info:    Redeclaring math delimiter \backslash on input line 240.
LaTeX Font Info:    Redeclaring math delimiter \rangle on input line 242.
LaTeX Font Info:    Redeclaring math delimiter \langle on input line 244.
LaTeX Font Info:    Redeclaring math delimiter \rbrace on input line 246.
LaTeX Font Info:    Redeclaring math delimiter \lbrace on input line 248.
LaTeX Font Info:    Redeclaring math delimiter \rceil on input line 250.
LaTeX Font Info:    Redeclaring math delimiter \lceil on input line 252.
LaTeX Font Info:    Redeclaring math delimiter \rfloor on input line 254.
LaTeX Font Info:    Redeclaring math delimiter \lfloor on input line 256.
LaTeX Font Info:    Redeclaring math accent \acute on input line 260.
LaTeX Font Info:    Redeclaring math accent \grave on input line 261.
LaTeX Font Info:    Redeclaring math accent \ddot on input line 262.
LaTeX Font Info:    Redeclaring math accent \tilde on input line 263.
LaTeX Font Info:    Redeclaring math accent \bar on input line 264.
LaTeX Font Info:    Redeclaring math accent \breve on input line 265.
LaTeX Font Info:    Redeclaring math accent \check on input line 266.
LaTeX Font Info:    Redeclaring math accent \hat on input line 267.
LaTeX Font Info:    Redeclaring math accent \dot on input line 268.
LaTeX Font Info:    Redeclaring math accent \mathring on input line 269.
\symUfutm=\mathgroup5
) (C:\Users\lenovo\AppData\Local\Programs\MiKTeX\tex/generic/babel\babel.sty
Package: babel 2021/11/08 3.66 The Babel package
\babel@savecnt=\count192
\U@D=\dimen139
\l@unhyphenated=\language79
 (C:\Users\lenovo\AppData\Local\Programs\MiKTeX\tex/generic/babel\txtbabel.def)
\bbl@readstream=\read2
\bbl@dirlevel=\count193

*************************************
* Local config file bblopts.cfg used
*
(C:\Users\lenovo\AppData\Local\Programs\MiKTeX\tex/latex/arabi\bblopts.cfg
File: bblopts.cfg 2005/09/08 v0.1 add Arabic and Farsi to "declared" options of babel
) (C:\Users\lenovo\AppData\Local\Programs\MiKTeX\tex/generic/babel-french\french.ldf
Language: french 2021/07/20 v3.5m French support from the babel system
Package babel Info: Hyphen rules for 'acadian' set to \l@french
(babel)             (\language22). Reported on input line 91.
Package babel Info: Hyphen rules for 'canadien' set to \l@french
(babel)             (\language22). Reported on input line 92.
\FB@nonchar=\count194
Package babel Info: Making : an active character on input line 430.
Package babel Info: Making ; an active character on input line 431.
Package babel Info: Making ! an active character on input line 432.
Package babel Info: Making ? an active character on input line 433.
\FBguill@level=\count195
\FBold@everypar=\toks18
\FB@Mht=\dimen140
\mc@charclass=\count196
\mc@charfam=\count197
\mc@charslot=\count198
\std@mcc=\count199
\dec@mcc=\count266
\listindentFB=\dimen141
\descindentFB=\dimen142
\labelindentFB=\dimen143
\labelwidthFB=\dimen144
\leftmarginFB=\dimen145
\parindentFFN=\dimen146
\FBfnindent=\dimen147
) (C:\Users\lenovo\AppData\Local\Programs\MiKTeX\tex/latex/babel-english\english.ldf
Language: english 2017/06/06 v3.3r English support from the babel system
Package babel Info: Hyphen rules for 'canadian' set to \l@english
(babel)             (\language0). Reported on input line 102.
Package babel Info: Hyphen rules for 'australian' set to \l@ukenglish
(babel)             (\language73). Reported on input line 105.
Package babel Info: Hyphen rules for 'newzealand' set to \l@ukenglish
(babel)             (\language73). Reported on input line 108.
)) (C:\Users\lenovo\AppData\Local\Programs\MiKTeX\tex/latex/carlisle\scalefnt.sty) (C:\Users\lenovo\AppData\Local\Programs\MiKTeX\tex/latex/graphics\keyval.sty
Package: keyval 2014/10/28 v1.15 key=value parser (DPC)
\KV@toks@=\toks19
) (C:\Users\lenovo\AppData\Local\Programs\MiKTeX\tex/latex/glossaries/base\glossaries.sty
Package: glossaries 2021/11/01 v4.49 (NLCT)
 (C:\Users\lenovo\AppData\Local\Programs\MiKTeX\tex/latex/base\ifthen.sty
Package: ifthen 2020/11/24 v1.1c Standard LaTeX ifthen package (DPC)
) (C:\Users\lenovo\AppData\Local\Programs\MiKTeX\tex/latex/xkeyval\xkeyval.sty
Package: xkeyval 2020/11/20 v2.8 package option processing (HA)
 (C:\Users\lenovo\AppData\Local\Programs\MiKTeX\tex/generic/xkeyval\xkeyval.tex (C:\Users\lenovo\AppData\Local\Programs\MiKTeX\tex/generic/xkeyval\xkvutils.tex
\XKV@toks=\toks20
\XKV@tempa@toks=\toks21
)
\XKV@depth=\count267
File: xkeyval.tex 2014/12/03 v2.7a key=value parser (HA)
)) (C:\Users\lenovo\AppData\Local\Programs\MiKTeX\tex/latex/mfirstuc\mfirstuc.sty
Package: mfirstuc 2021/10/15 v2.07 (NLCT)
 (C:\Users\lenovo\AppData\Local\Programs\MiKTeX\tex/latex/etoolbox\etoolbox.sty
Package: etoolbox 2020/10/05 v2.5k e-TeX tools for LaTeX (JAW)
\etb@tempcnta=\count268
)
\@glsmfirst=\toks22
\@glsmrest=\toks23
) (C:\Users\lenovo\AppData\Local\Programs\MiKTeX\tex/latex/textcase\textcase.sty
Package: textcase 2019/09/14 v1.00 Text only upper/lower case changing (DPC)
) (C:\Users\lenovo\AppData\Local\Programs\MiKTeX\tex/latex/xfor\xfor.sty
Package: xfor 2009/02/05 v1.05 (NLCT)
) (C:\Users\lenovo\AppData\Local\Programs\MiKTeX\tex/latex/datatool\datatool-base.sty
Package: datatool-base 2019/09/27 v2.32 (NLCT)
 (C:\Users\lenovo\AppData\Local\Programs\MiKTeX\tex/latex/amsmath\amsmath.sty
Package: amsmath 2021/10/15 v2.17l AMS math features
\@mathmargin=\skip49

For additional information on amsmath, use the `?' option.
(C:\Users\lenovo\AppData\Local\Programs\MiKTeX\tex/latex/amsmath\amstext.sty
Package: amstext 2021/08/26 v2.01 AMS text
 (C:\Users\lenovo\AppData\Local\Programs\MiKTeX\tex/latex/amsmath\amsgen.sty
File: amsgen.sty 1999/11/30 v2.0 generic functions
\@emptytoks=\toks24
\ex@=\dimen148
)) (C:\Users\lenovo\AppData\Local\Programs\MiKTeX\tex/latex/amsmath\amsbsy.sty
Package: amsbsy 1999/11/29 v1.2d Bold Symbols
\pmbraise@=\dimen149
) (C:\Users\lenovo\AppData\Local\Programs\MiKTeX\tex/latex/amsmath\amsopn.sty
Package: amsopn 2021/08/26 v2.02 operator names
)
\inf@bad=\count269
LaTeX Info: Redefining \frac on input line 234.
\uproot@=\count270
\leftroot@=\count271
LaTeX Info: Redefining \overline on input line 399.
\classnum@=\count272
\DOTSCASE@=\count273
LaTeX Info: Redefining \ldots on input line 496.
LaTeX Info: Redefining \dots on input line 499.
LaTeX Info: Redefining \cdots on input line 620.
\Mathstrutbox@=\box50
\strutbox@=\box51
\big@size=\dimen150
LaTeX Font Info:    Redeclaring font encoding OML on input line 743.
LaTeX Font Info:    Redeclaring font encoding OMS on input line 744.
\macc@depth=\count274
\c@MaxMatrixCols=\count275
\dotsspace@=\muskip16
\c@parentequation=\count276
\dspbrk@lvl=\count277
\tag@help=\toks25
\row@=\count278
\column@=\count279
\maxfields@=\count280
\andhelp@=\toks26
\eqnshift@=\dimen151
\alignsep@=\dimen152
\tagshift@=\dimen153
\tagwidth@=\dimen154
\totwidth@=\dimen155
\lineht@=\dimen156
\@envbody=\toks27
\multlinegap=\skip50
\multlinetaggap=\skip51
\mathdisplay@stack=\toks28
LaTeX Info: Redefining \[ on input line 2938.
LaTeX Info: Redefining \] on input line 2939.
) (C:\Users\lenovo\AppData\Local\Programs\MiKTeX\tex/latex/substr\substr.sty
Package: substr 2009/10/20 v1.2 Handle substrings
\c@su@anzahl=\count281
) (C:\Users\lenovo\AppData\Local\Programs\MiKTeX\tex/latex/datatool\datatool-fp.sty
Package: datatool-fp 2019/09/27 v2.32 (NLCT)
 (C:\Users\lenovo\AppData\Local\Programs\MiKTeX\tex/latex/fp\fp.sty
Package: fp 1995/04/02
 `Fixed Point Package', Version 0.8, April 2, 1995 (C) Michael Mehlich (C:\Users\lenovo\AppData\Local\Programs\MiKTeX\tex/latex/fp\defpattern.sty
Package: defpattern 1994/10/12
\actioncount=\count282
) (C:\Users\lenovo\AppData\Local\Programs\MiKTeX\tex/latex/fp\fp-basic.sty
Package: fp-basic 1996/05/13
\FP@xs=\count283
\FP@xia=\count284
\FP@xib=\count285
\FP@xfa=\count286
\FP@xfb=\count287
\FP@rega=\count288
\FP@regb=\count289
\FP@regs=\count290
\FP@times=\count291
) (C:\Users\lenovo\AppData\Local\Programs\MiKTeX\tex/latex/fp\fp-addons.sty
Package: fp-addons 1995/03/15
) (C:\Users\lenovo\AppData\Local\Programs\MiKTeX\tex/latex/fp\fp-snap.sty
Package: fp-snap 1995/04/05
) (C:\Users\lenovo\AppData\Local\Programs\MiKTeX\tex/latex/fp\fp-exp.sty
Package: fp-exp 1995/04/03
) (C:\Users\lenovo\AppData\Local\Programs\MiKTeX\tex/latex/fp\fp-trigo.sty
Package: fp-trigo 1995/04/14
) (C:\Users\lenovo\AppData\Local\Programs\MiKTeX\tex/latex/fp\fp-pas.sty
Package: fp-pas 1994/08/29
) (C:\Users\lenovo\AppData\Local\Programs\MiKTeX\tex/latex/fp\fp-random.sty
Package: fp-random 1995/02/23
\FPseed=\count292
) (C:\Users\lenovo\AppData\Local\Programs\MiKTeX\tex/latex/fp\fp-eqn.sty
Package: fp-eqn 1995/04/03
) (C:\Users\lenovo\AppData\Local\Programs\MiKTeX\tex/latex/fp\fp-upn.sty
Package: fp-upn 1996/10/21
) (C:\Users\lenovo\AppData\Local\Programs\MiKTeX\tex/latex/fp\fp-eval.sty
Package: fp-eval 1995/04/03
)))
\@dtl@toks=\toks29
\@dtl@tmpcount=\count293
\dtl@tmplength=\skip52
\dtl@sortresult=\count294
\@dtl@numgrpsepcount=\count295
\@dtl@datatype=\count296
\dtl@codeA=\count297
\dtl@codeB=\count298
\@dtl@foreach@level=\count299
) (C:\Users\lenovo\AppData\Local\Programs\MiKTeX\tex/latex/glossaries/base\glossaries-compatible-307.sty
Package: glossaries-compatible-307 2021/11/01 v4.49 (NLCT)
) (C:\Users\lenovo\AppData\Local\Programs\MiKTeX\tex/latex/tracklang\tracklang.sty
Package: tracklang 2020/06/30 v1.5 (NLCT) Track Languages
 (C:\Users\lenovo\AppData\Local\Programs\MiKTeX\tex/generic/tracklang\tracklang.tex)) (C:\Users\lenovo\AppData\Local\Programs\MiKTeX\tex/latex/translator\translator.sty
Package: translator 2021-05-31 v1.12d Easy translation of strings in LaTeX
) (C:\Users\lenovo\AppData\Local\Programs\MiKTeX\tex/latex/glossaries-english\glossaries-english.ldf
File: glossaries-english.ldf 2014/11/23 v1.0
) (C:\Users\lenovo\AppData\Local\Programs\MiKTeX\tex/latex/glossaries-french\glossaries-french.ldf
File: glossaries-french.ldf 2016/12/12 v1.1
)
\gls@level=\count300
\@gls@tmpb=\toks30
\gls@tmplen=\skip53
\glskeylisttok=\toks31
\glslabeltok=\toks32
\glsshorttok=\toks33
\glslongtok=\toks34
 (C:\Users\lenovo\AppData\Local\Programs\MiKTeX\tex/latex/glossaries/styles\glossary-hypernav.sty
Package: glossary-hypernav 2021/11/01 v4.49 (NLCT)
) (C:\Users\lenovo\AppData\Local\Programs\MiKTeX\tex/latex/glossaries/styles\glossary-list.sty
Package: glossary-list 2021/11/01 v4.49 (NLCT)
\glslistdottedwidth=\skip54
) (C:\Users\lenovo\AppData\Local\Programs\MiKTeX\tex/latex/glossaries/styles\glossary-long.sty
Package: glossary-long 2021/11/01 v4.49 (NLCT)
 (C:\Users\lenovo\AppData\Local\Programs\MiKTeX\tex/latex/tools\longtable.sty
Package: longtable 2021-09-01 v4.17 Multi-page Table package (DPC)
\LTleft=\skip55
\LTright=\skip56
\LTpre=\skip57
\LTpost=\skip58
\LTchunksize=\count301
\LTcapwidth=\dimen157
\LT@head=\box52
\LT@firsthead=\box53
\LT@foot=\box54
\LT@lastfoot=\box55
\LT@gbox=\box56
\LT@cols=\count302
\LT@rows=\count303
\c@LT@tables=\count304
\c@LT@chunks=\count305
\LT@p@ftn=\toks35
)
\glsdescwidth=\skip59
\glspagelistwidth=\skip60
) (C:\Users\lenovo\AppData\Local\Programs\MiKTeX\tex/latex/glossaries/styles\glossary-super.sty
Package: glossary-super 2021/11/01 v4.49 (NLCT)
 (C:\Users\lenovo\AppData\Local\Programs\MiKTeX\tex/latex/supertabular\supertabular.sty
Package: supertabular 2020/02/02 v4.1g the supertabular environment
\c@tracingst=\count306
\ST@wd=\dimen158
\ST@rightskip=\skip61
\ST@leftskip=\skip62
\ST@parfillskip=\skip63
\ST@pageleft=\dimen159
\ST@headht=\dimen160
\ST@tailht=\dimen161
\ST@pagesofar=\dimen162
\ST@pboxht=\dimen163
\ST@lineht=\dimen164
\ST@prevht=\dimen165
\ST@toadd=\dimen166
\ST@dimen=\dimen167
\ST@pbox=\box57
)) (C:\Users\lenovo\AppData\Local\Programs\MiKTeX\tex/latex/glossaries/styles\glossary-tree.sty
Package: glossary-tree 2021/11/01 v4.49 (NLCT)
\glstreeindent=\skip64
)) (C:\Users\lenovo\AppData\Local\Programs\MiKTeX\tex/latex/csquotes\csquotes.sty
Package: csquotes 2021-02-22 v5.2l context-sensitive quotations (JAW)
\csq@reset=\count307
\csq@gtype=\count308
\csq@glevel=\count309
\csq@qlevel=\count310
\csq@maxlvl=\count311
\csq@tshold=\count312
\csq@ltx@everypar=\toks36
 (C:\Users\lenovo\AppData\Local\Programs\MiKTeX\tex/latex/csquotes\csquotes.def
File: csquotes.def 2021-02-22 v5.2l csquotes generic definitions (JAW)
)
Package csquotes Info: Trying to load configuration file 'csquotes.cfg'...
Package csquotes Info: ... configuration file loaded successfully.
 (C:\Users\lenovo\AppData\Local\Programs\MiKTeX\tex/latex/csquotes\csquotes.cfg
File: csquotes.cfg 
)
Package csquotes Info: Enabling multilingual quotes.
) (C:\Users\lenovo\AppData\Local\Programs\MiKTeX\tex/latex/wrapfig\wrapfig.sty
\wrapoverhang=\dimen168
\WF@size=\dimen169
\c@WF@wrappedlines=\count313
\WF@box=\box58
\WF@everypar=\toks37
Package: wrapfig 2003/01/31  v 3.6
) (C:\Users\lenovo\AppData\Local\Programs\MiKTeX\tex/latex/graphics\graphicx.sty
Package: graphicx 2021/09/16 v1.2d Enhanced LaTeX Graphics (DPC,SPQR)
 (C:\Users\lenovo\AppData\Local\Programs\MiKTeX\tex/latex/graphics\graphics.sty
Package: graphics 2021/03/04 v1.4d Standard LaTeX Graphics (DPC,SPQR)
 (C:\Users\lenovo\AppData\Local\Programs\MiKTeX\tex/latex/graphics\trig.sty
Package: trig 2021/08/11 v1.11 sin cos tan (DPC)
) (C:\Users\lenovo\AppData\Local\Programs\MiKTeX\tex/latex/graphics-cfg\graphics.cfg
File: graphics.cfg 2016/06/04 v1.11 sample graphics configuration
)
Package graphics Info: Driver file: pdftex.def on input line 107.
 (C:\Users\lenovo\AppData\Local\Programs\MiKTeX\tex/latex/graphics-def\pdftex.def
File: pdftex.def 2020/10/05 v1.2a Graphics/color driver for pdftex
))
\Gin@req@height=\dimen170
\Gin@req@width=\dimen171
) (C:\Users\lenovo\AppData\Local\Programs\MiKTeX\tex/latex/caption\subcaption.sty
Package: subcaption 2020/10/07 v1.3j Sub-captions (AR)
 (C:\Users\lenovo\AppData\Local\Programs\MiKTeX\tex/latex/caption\caption.sty
Package: caption 2020/10/26 v3.5g Customizing captions (AR)
 (C:\Users\lenovo\AppData\Local\Programs\MiKTeX\tex/latex/caption\caption3.sty
Package: caption3 2020/10/21 v2.2e caption3 kernel (AR)
\captionmargin=\dimen172
\captionmargin@=\dimen173
\captionwidth=\dimen174
\caption@tempdima=\dimen175
\caption@indent=\dimen176
\caption@parindent=\dimen177
\caption@hangindent=\dimen178
Package caption Info: Standard document class detected.
Package caption Info: french babel package is loaded.
)
\c@caption@flags=\count314
\c@continuedfloat=\count315
Package caption Info: longtable package is loaded.
 (C:\Users\lenovo\AppData\Local\Programs\MiKTeX\tex/latex/caption\ltcaption.sty
Package: ltcaption 2020/05/30 v1.4b longtable captions (AR)
)
Package caption Info: supertabular package is loaded.
Package caption Info: wrapfig package is loaded.
)
\c@subfigure=\count316
\c@subtable=\count317
) (C:\Users\lenovo\AppData\Local\Programs\MiKTeX\tex/latex/tools\array.sty
Package: array 2021/10/04 v2.5f Tabular extension package (FMi)
\col@sep=\dimen179
\ar@mcellbox=\box59
\extrarowheight=\dimen180
\NC@list=\toks38
\extratabsurround=\skip65
\backup@length=\skip66
\ar@cellbox=\box60
) (C:\Users\lenovo\AppData\Local\Programs\MiKTeX\tex/latex/pdfpages\pdfpages.sty
Package: pdfpages 2021/03/06 v0.5t Insert pages of external PDF documents (AM)
 (C:\Users\lenovo\AppData\Local\Programs\MiKTeX\tex/latex/tools\calc.sty
Package: calc 2017/05/25 v4.3 Infix arithmetic (KKT,FJ)
\calc@Acount=\count318
\calc@Bcount=\count319
\calc@Adimen=\dimen181
\calc@Bdimen=\dimen182
\calc@Askip=\skip67
\calc@Bskip=\skip68
LaTeX Info: Redefining \setlength on input line 80.
LaTeX Info: Redefining \addtolength on input line 81.
\calc@Ccount=\count320
\calc@Cskip=\skip69
) (C:\Users\lenovo\AppData\Local\Programs\MiKTeX\tex/latex/eso-pic\eso-pic.sty
Package: eso-pic 2020/10/14 v3.0a eso-pic (RN)
\ESO@tempdima=\dimen183
\ESO@tempdimb=\dimen184
 (C:\Users\lenovo\AppData\Local\Programs\MiKTeX\tex/latex/xcolor\xcolor.sty
Package: xcolor 2021/10/31 v2.13 LaTeX color extensions (UK)
 (C:\Users\lenovo\AppData\Local\Programs\MiKTeX\tex/latex/graphics-cfg\color.cfg
File: color.cfg 2016/01/02 v1.6 sample color configuration
)
Package xcolor Info: Driver file: pdftex.def on input line 227.
Package xcolor Info: Model `cmy' substituted by `cmy0' on input line 1352.
Package xcolor Info: Model `hsb' substituted by `rgb' on input line 1356.
Package xcolor Info: Model `RGB' extended on input line 1368.
Package xcolor Info: Model `HTML' substituted by `rgb' on input line 1370.
Package xcolor Info: Model `Hsb' substituted by `hsb' on input line 1371.
Package xcolor Info: Model `tHsb' substituted by `hsb' on input line 1372.
Package xcolor Info: Model `HSB' substituted by `hsb' on input line 1373.
Package xcolor Info: Model `Gray' substituted by `gray' on input line 1374.
Package xcolor Info: Model `wave' substituted by `hsb' on input line 1375.
))
\AM@pagewidth=\dimen185
\AM@pageheight=\dimen186
\AM@fboxrule=\dimen187
 (C:\Users\lenovo\AppData\Local\Programs\MiKTeX\tex/latex/pdfpages\pppdftex.def
File: pppdftex.def 2021/03/06 v0.5t Pdfpages driver for pdfTeX (AM)
)
\pdfpages@includegraphics@status=\count321
\AM@pagebox=\box61
\AM@global@opts=\toks39
\AM@pagecnt=\count322
\AM@toc@title=\toks40
\c@AM@survey=\count323
\AM@templatesizebox=\box62
) (C:\Users\lenovo\AppData\Local\Programs\MiKTeX\tex/latex/hyperref\hyperref.sty
Package: hyperref 2021-06-07 v7.00m Hypertext links for LaTeX
 (C:\Users\lenovo\AppData\Local\Programs\MiKTeX\tex/generic/ltxcmds\ltxcmds.sty
Package: ltxcmds 2020-05-10 v1.25 LaTeX kernel commands for general use (HO)
) (C:\Users\lenovo\AppData\Local\Programs\MiKTeX\tex/generic/pdftexcmds\pdftexcmds.sty
Package: pdftexcmds 2020-06-27 v0.33 Utility functions of pdfTeX for LuaTeX (HO)
 (C:\Users\lenovo\AppData\Local\Programs\MiKTeX\tex/generic/infwarerr\infwarerr.sty
Package: infwarerr 2019/12/03 v1.5 Providing info/warning/error messages (HO)
)
Package pdftexcmds Info: \pdf@primitive is available.
Package pdftexcmds Info: \pdf@ifprimitive is available.
Package pdftexcmds Info: \pdfdraftmode found.
) (C:\Users\lenovo\AppData\Local\Programs\MiKTeX\tex/generic/kvsetkeys\kvsetkeys.sty
Package: kvsetkeys 2019/12/15 v1.18 Key value parser (HO)
) (C:\Users\lenovo\AppData\Local\Programs\MiKTeX\tex/generic/kvdefinekeys\kvdefinekeys.sty
Package: kvdefinekeys 2019-12-19 v1.6 Define keys (HO)
) (C:\Users\lenovo\AppData\Local\Programs\MiKTeX\tex/generic/pdfescape\pdfescape.sty
Package: pdfescape 2019/12/09 v1.15 Implements pdfTeX's escape features (HO)
) (C:\Users\lenovo\AppData\Local\Programs\MiKTeX\tex/latex/hycolor\hycolor.sty
Package: hycolor 2020-01-27 v1.10 Color options for hyperref/bookmark (HO)
) (C:\Users\lenovo\AppData\Local\Programs\MiKTeX\tex/latex/letltxmacro\letltxmacro.sty
Package: letltxmacro 2019/12/03 v1.6 Let assignment for LaTeX macros (HO)
) (C:\Users\lenovo\AppData\Local\Programs\MiKTeX\tex/latex/auxhook\auxhook.sty
Package: auxhook 2019-12-17 v1.6 Hooks for auxiliary files (HO)
) (C:\Users\lenovo\AppData\Local\Programs\MiKTeX\tex/latex/kvoptions\kvoptions.sty
Package: kvoptions 2020-10-07 v3.14 Key value format for package options (HO)
)
\@linkdim=\dimen188
\Hy@linkcounter=\count324
\Hy@pagecounter=\count325
 (C:\Users\lenovo\AppData\Local\Programs\MiKTeX\tex/latex/hyperref\pd1enc.def
File: pd1enc.def 2021-06-07 v7.00m Hyperref: PDFDocEncoding definition (HO)
Now handling font encoding PD1 ...
... no UTF-8 mapping file for font encoding PD1
) (C:\Users\lenovo\AppData\Local\Programs\MiKTeX\tex/latex/hyperref\hyperref-langpatches.def
File: hyperref-langpatches.def 2021-06-07 v7.00m Hyperref: patches for babel languages
) (C:\Users\lenovo\AppData\Local\Programs\MiKTeX\tex/generic/intcalc\intcalc.sty
Package: intcalc 2019/12/15 v1.3 Expandable calculations with integers (HO)
) (C:\Users\lenovo\AppData\Local\Programs\MiKTeX\tex/generic/etexcmds\etexcmds.sty
Package: etexcmds 2019/12/15 v1.7 Avoid name clashes with e-TeX commands (HO)
)
\Hy@SavedSpaceFactor=\count326
 (C:\Users\lenovo\AppData\Local\Programs\MiKTeX\tex/latex/hyperref\puenc.def
File: puenc.def 2021-06-07 v7.00m Hyperref: PDF Unicode definition (HO)
Now handling font encoding PU ...
... no UTF-8 mapping file for font encoding PU
)
Package hyperref Info: Hyper figures OFF on input line 4192.
Package hyperref Info: Link nesting OFF on input line 4197.
Package hyperref Info: Hyper index ON on input line 4200.
Package hyperref Info: Plain pages OFF on input line 4207.
Package hyperref Info: Backreferencing OFF on input line 4212.
Package hyperref Info: Implicit mode ON; LaTeX internals redefined.
Package hyperref Info: Bookmarks ON on input line 4445.
\c@Hy@tempcnt=\count327
 (C:\Users\lenovo\AppData\Local\Programs\MiKTeX\tex/latex/url\url.sty
\Urlmuskip=\muskip17
Package: url 2013/09/16  ver 3.4  Verb mode for urls, etc.
)
LaTeX Info: Redefining \url on input line 4804.
\XeTeXLinkMargin=\dimen189
 (C:\Users\lenovo\AppData\Local\Programs\MiKTeX\tex/generic/bitset\bitset.sty
Package: bitset 2019/12/09 v1.3 Handle bit-vector datatype (HO)
 (C:\Users\lenovo\AppData\Local\Programs\MiKTeX\tex/generic/bigintcalc\bigintcalc.sty
Package: bigintcalc 2019/12/15 v1.5 Expandable calculations on big integers (HO)
))
\Fld@menulength=\count328
\Field@Width=\dimen190
\Fld@charsize=\dimen191
Package hyperref Info: Hyper figures OFF on input line 6076.
Package hyperref Info: Link nesting OFF on input line 6081.
Package hyperref Info: Hyper index ON on input line 6084.
Package hyperref Info: backreferencing OFF on input line 6091.
Package hyperref Info: Link coloring OFF on input line 6096.
Package hyperref Info: Link coloring with OCG OFF on input line 6101.
Package hyperref Info: PDF/A mode OFF on input line 6106.
LaTeX Info: Redefining \ref on input line 6146.
LaTeX Info: Redefining \pageref on input line 6150.
 (C:\Users\lenovo\AppData\Local\Programs\MiKTeX\tex/latex/base\atbegshi-ltx.sty
Package: atbegshi-ltx 2021/01/10 v1.0c Emulation of the original atbegshi
package with kernel methods
)
\Hy@abspage=\count329
\c@Item=\count330
\c@Hfootnote=\count331
)
Package hyperref Info: Driver (autodetected): hpdftex.
 (C:\Users\lenovo\AppData\Local\Programs\MiKTeX\tex/latex/hyperref\hpdftex.def
File: hpdftex.def 2021-06-07 v7.00m Hyperref driver for pdfTeX
 (C:\Users\lenovo\AppData\Local\Programs\MiKTeX\tex/latex/base\atveryend-ltx.sty
Package: atveryend-ltx 2020/08/19 v1.0a Emulation of the original atveryend package
with kernel methods
)
\Fld@listcount=\count332
\c@bookmark@seq@number=\count333
 (C:\Users\lenovo\AppData\Local\Programs\MiKTeX\tex/latex/rerunfilecheck\rerunfilecheck.sty
Package: rerunfilecheck 2019/12/05 v1.9 Rerun checks for auxiliary files (HO)
 (C:\Users\lenovo\AppData\Local\Programs\MiKTeX\tex/generic/uniquecounter\uniquecounter.sty
Package: uniquecounter 2019/12/15 v1.4 Provide unlimited unique counter (HO)
)
Package uniquecounter Info: New unique counter `rerunfilecheck' on input line 286.
)
\Hy@SectionHShift=\skip70
)
Package hyperref Info: Option `colorlinks' set `true' on input line 24.
 (C:\Users\lenovo\AppData\Local\Programs\MiKTeX\tex/latex/listings\listings.sty
\lst@mode=\count334
\lst@gtempboxa=\box63
\lst@token=\toks41
\lst@length=\count335
\lst@currlwidth=\dimen192
\lst@column=\count336
\lst@pos=\count337
\lst@lostspace=\dimen193
\lst@width=\dimen194
\lst@newlines=\count338
\lst@lineno=\count339
\lst@maxwidth=\dimen195
 (C:\Users\lenovo\AppData\Local\Programs\MiKTeX\tex/latex/listings\lstmisc.sty
File: lstmisc.sty 2020/03/24 1.8d (Carsten Heinz)
\c@lstnumber=\count340
\lst@skipnumbers=\count341
\lst@framebox=\box64
) (C:\Users\lenovo\AppData\Local\Programs\MiKTeX\tex/latex/listings\listings.cfg
File: listings.cfg 2020/03/24 1.8d listings configuration
))
Package: listings 2020/03/24 1.8d (Carsten Heinz)
 (C:\Users\lenovo\AppData\Local\Programs\MiKTeX\tex/latex/fancyhdr\fancyhdr.sty
Package: fancyhdr 2021/01/28 v4.0.1 Extensive control of page headers and footers
\f@nch@headwidth=\skip71
\f@nch@O@elh=\skip72
\f@nch@O@erh=\skip73
\f@nch@O@olh=\skip74
\f@nch@O@orh=\skip75
\f@nch@O@elf=\skip76
\f@nch@O@erf=\skip77
\f@nch@O@olf=\skip78
\f@nch@O@orf=\skip79
) (parts/glossary.tex
\glswrite=\write3
\glo@main@file=\write4
\openout4 = `main.glo'.

Package glossaries Info: Writing glossary file main.glo on input line 1.
)
Package csquotes Info: Checking for multilingual support...
Package csquotes Info: ... found 'babel' package.
 (C:\Users\lenovo\AppData\Local\Programs\MiKTeX\tex/latex/l3backend\l3backend-pdftex.def
File: l3backend-pdftex.def 2021-10-18 L3 backend support: PDF output (pdfTeX)
\l__color_backend_stack_int=\count342
\l__pdf_internal_box=\box65
) (main.aux)
\openout1 = `main.aux'.

LaTeX Font Info:    Checking defaults for OML/cmm/m/it on input line 99.
LaTeX Font Info:    ... okay on input line 99.
LaTeX Font Info:    Checking defaults for OMS/cmsy/m/n on input line 99.
LaTeX Font Info:    ... okay on input line 99.
LaTeX Font Info:    Checking defaults for OT1/cmr/m/n on input line 99.
LaTeX Font Info:    ... okay on input line 99.
LaTeX Font Info:    Checking defaults for T1/cmr/m/n on input line 99.
LaTeX Font Info:    ... okay on input line 99.
LaTeX Font Info:    Checking defaults for TS1/cmr/m/n on input line 99.
LaTeX Font Info:    ... okay on input line 99.
LaTeX Font Info:    Checking defaults for OMX/cmex/m/n on input line 99.
LaTeX Font Info:    ... okay on input line 99.
LaTeX Font Info:    Checking defaults for U/cmr/m/n on input line 99.
LaTeX Font Info:    ... okay on input line 99.
LaTeX Font Info:    Checking defaults for FML/futm/m/it on input line 99.
LaTeX Font Info:    Trying to load font information for FML+futm on input line 99.
 (C:\Users\lenovo\AppData\Local\Programs\MiKTeX\tex/latex/fourier\fmlfutm.fd
File: fmlfutm.fd 2004/10/30 Fontinst v1.926 font definitions for FML/futm.
)
LaTeX Font Info:    ... okay on input line 99.
LaTeX Font Info:    Checking defaults for FMS/futm/m/n on input line 99.
LaTeX Font Info:    Trying to load font information for FMS+futm on input line 99.
 (C:\Users\lenovo\AppData\Local\Programs\MiKTeX\tex/latex/fourier\fmsfutm.fd
File: fmsfutm.fd 2004/10/30 Fontinst v1.926 font definitions for FMS/futm.
)
LaTeX Font Info:    ... okay on input line 99.
LaTeX Font Info:    Checking defaults for FMX/futm/m/n on input line 99.
LaTeX Font Info:    Trying to load font information for FMX+futm on input line 99.
 (C:\Users\lenovo\AppData\Local\Programs\MiKTeX\tex/latex/fourier\fmxfutm.fd
File: fmxfutm.fd futm-extension
)
LaTeX Font Info:    ... okay on input line 99.
LaTeX Font Info:    Checking defaults for PD1/pdf/m/n on input line 99.
LaTeX Font Info:    ... okay on input line 99.
LaTeX Font Info:    Checking defaults for PU/pdf/m/n on input line 99.
LaTeX Font Info:    ... okay on input line 99.
LaTeX Info: Redefining \degres on input line 99.
LaTeX Info: Redefining \up on input line 99.
 (main.glsdefs

Package glossaries Warning: entry `iot' has already been defined in the preamble (if you have moved the definition there from the document environment, delete main.glsdefs) on input line 27.


Package glossaries Warning: entry `mri' has already been defined in the preamble (if you have moved the definition there from the document environment, delete main.glsdefs) on input line 139.


Package glossaries Warning: entry `sid' has already been defined in the preamble (if you have moved the definition there from the document environment, delete main.glsdefs) on input line 167.


Package glossaries Warning: entry `soa' has already been defined in the preamble (if you have moved the definition there from the document environment, delete main.glsdefs) on input line 195.


Package glossaries Warning: entry `db' has already been defined in the preamble (if you have moved the definition there from the document environment, delete main.glsdefs) on input line 223.


Package glossaries Warning: entry `dwh' has already been defined in the preamble (if you have moved the definition there from the document environment, delete main.glsdefs) on input line 251.


Package glossaries Warning: entry `asn' has already been defined in the preamble (if you have moved the definition there from the document environment, delete main.glsdefs) on input line 279.


Package glossaries Warning: entry `cobra' has already been defined in the preamble (if you have moved the definition there from the document environment, delete main.glsdefs) on input line 307.


Package glossaries Warning: entry `java' has already been defined in the preamble (if you have moved the definition there from the document environment, delete main.glsdefs) on input line 335.


Package glossaries Warning: entry `bsd' has already been defined in the preamble (if you have moved the definition there from the document environment, delete main.glsdefs) on input line 363.


Package glossaries Warning: entry `csv' has already been defined in the preamble (if you have moved the definition there from the document environment, delete main.glsdefs) on input line 391.


Package glossaries Warning: entry `xls' has already been defined in the preamble (if you have moved the definition there from the document environment, delete main.glsdefs) on input line 419.


Package glossaries Warning: entry `bi' has already been defined in the preamble (if you have moved the definition there from the document environment, delete main.glsdefs) on input line 447.


Package glossaries Warning: entry `json' has already been defined in the preamble (if you have moved the definition there from the document environment, delete main.glsdefs) on input line 475.

) (C:\Users\lenovo\AppData\Local\Programs\MiKTeX\tex/context/base/mkii\supp-pdf.mkii
[Loading MPS to PDF converter (version 2006.09.02).]
\scratchcounter=\count343
\scratchdimen=\dimen196
\scratchbox=\box66
\nofMPsegments=\count344
\nofMParguments=\count345
\everyMPshowfont=\toks42
\MPscratchCnt=\count346
\MPscratchDim=\dimen197
\MPnumerator=\count347
\makeMPintoPDFobject=\count348
\everyMPtoPDFconversion=\toks43
) (C:\Users\lenovo\AppData\Local\Programs\MiKTeX\tex/latex/epstopdf-pkg\epstopdf-base.sty
Package: epstopdf-base 2020-01-24 v2.11 Base part for package epstopdf
Package epstopdf-base Info: Redefining graphics rule for `.eps' on input line 485.
 (C:\Users\lenovo\AppData\Local\Programs\MiKTeX\tex/latex/00miktex\epstopdf-sys.cfg
File: epstopdf-sys.cfg 2021/03/18 v2.0 Configuration of epstopdf for MiKTeX
))
Package caption Info: Begin \AtBeginDocument code.
Package caption Info: hyperref package is loaded.
Package caption Info: listings package is loaded.
Package caption Info: End \AtBeginDocument code.
 (C:\Users\lenovo\AppData\Local\Programs\MiKTeX\tex/latex/pdflscape\pdflscape.sty
Package: pdflscape 2019/12/05 v0.12 Display of landscape pages in PDF (HO)
 (C:\Users\lenovo\AppData\Local\Programs\MiKTeX\tex/latex/graphics\lscape.sty
Package: lscape 2020/05/28 v3.02 Landscape Pages (DPC)
)
Package pdflscape Info: Auto-detected driver: pdftex on input line 81.
)
Package hyperref Info: Link coloring ON on input line 99.
 (C:\Users\lenovo\AppData\Local\Programs\MiKTeX\tex/latex/hyperref\nameref.sty
Package: nameref 2021-04-02 v2.47 Cross-referencing by name of section
 (C:\Users\lenovo\AppData\Local\Programs\MiKTeX\tex/latex/refcount\refcount.sty
Package: refcount 2019/12/15 v3.6 Data extraction from label references (HO)
) (C:\Users\lenovo\AppData\Local\Programs\MiKTeX\tex/generic/gettitlestring\gettitlestring.sty
Package: gettitlestring 2019/12/15 v1.6 Cleanup title references (HO)
)
\c@section@level=\count349
)
LaTeX Info: Redefining \ref on input line 99.
LaTeX Info: Redefining \pageref on input line 99.
LaTeX Info: Redefining \nameref on input line 99.
 (main.out) (main.out)
\@outlinefile=\write5
\openout5 = `main.out'.

\c@lstlisting=\count350
<parts/pagedegarde.pdf, id=183, 598.27513pt x 845.19763pt>
File: parts/pagedegarde.pdf Graphic file (type pdf)
<use parts/pagedegarde.pdf>
Package pdftex.def Info: parts/pagedegarde.pdf  used on input line 100.
(pdftex.def)             Requested size: 598.27367pt x 845.19557pt.
File: parts/pagedegarde.pdf Graphic file (type pdf)
<use parts/pagedegarde.pdf>
Package pdftex.def Info: parts/pagedegarde.pdf  used on input line 100.
(pdftex.def)             Requested size: 598.27367pt x 845.19557pt.
<parts/pagedegarde.pdf, id=186, page=1, 598.27513pt x 845.19763pt>
File: parts/pagedegarde.pdf Graphic file (type pdf)
<use parts/pagedegarde.pdf, page 1>
Package pdftex.def Info: parts/pagedegarde.pdf , page1 used on input line 100.
(pdftex.def)             Requested size: 598.27367pt x 845.19557pt.
File: parts/pagedegarde.pdf Graphic file (type pdf)
<use parts/pagedegarde.pdf, page 1>
Package pdftex.def Info: parts/pagedegarde.pdf , page1 used on input line 100.
(pdftex.def)             Requested size: 597.7807pt x 844.49915pt.
File: parts/pagedegarde.pdf Graphic file (type pdf)
<use parts/pagedegarde.pdf, page 1>
Package pdftex.def Info: parts/pagedegarde.pdf , page1 used on input line 100.
(pdftex.def)             Requested size: 597.7807pt x 844.49915pt.
File: parts/pagedegarde.pdf Graphic file (type pdf)
<use parts/pagedegarde.pdf, page 1>
Package pdftex.def Info: parts/pagedegarde.pdf , page1 used on input line 100.
(pdftex.def)             Requested size: 597.7807pt x 844.49915pt.
File: parts/pagedegarde.pdf Graphic file (type pdf)
<use parts/pagedegarde.pdf, page 1>
Package pdftex.def Info: parts/pagedegarde.pdf , page1 used on input line 100.
(pdftex.def)             Requested size: 597.7807pt x 844.49915pt.
 [1

\openout3 = `main.ist'.

 <./parts/pagedegarde.pdf>] (parts/pageTitePage.tex
<images/others/usto.jpg, id=253, 131.17004pt x 125.7498pt>
File: images/others/usto.jpg Graphic file (type jpg)
<use images/others/usto.jpg>
Package pdftex.def Info: images/others/usto.jpg  used on input line 8.
(pdftex.def)             Requested size: 117.00119pt x 112.17023pt.
pdfTeX warning (ext4): destination with the same identifier (name{page.1}) has been already used, duplicate ignored
<to be read again> 
                   \relax 
l.40  \end{titlepage}
                      [1{C:/Users/lenovo/AppData/Local/MiKTeX/pdftex/config/pdftex.map} <./images/others/usto.jpg>]) (parts/acknowledgements.texpdfTeX warning (ext4): destination with the same identifier (name{page.1}) has been already used, duplicate ignored
<to be read again> 
                   \relax 
l.27 \clearpage
                [1]) (parts/abstract.tex
Overfull \hbox (17.06033pt too wide) in paragraph at lines 5--6
[]\T1/futs/m/n/12 The care of pa-tients in a med-i-cal struc-ture is pro-vided by med-i-cal and paramed-
 []


Underfull \hbox (badness 10000) in paragraph at lines 7--9

 []


Underfull \hbox (badness 10000) in paragraph at lines 11--12

 []

pdfTeX warning (ext4): destination with the same identifier (name{page.1}) has been already used, duplicate ignored
<to be read again> 
                   \relax 
l.15     \end{abstract}
                        [1

]
Underfull \hbox (badness 10000) in paragraph at lines 26--28

 []


Underfull \hbox (badness 10000) in paragraph at lines 30--31

 []

pdfTeX warning (ext4): destination with the same identifier (name{page.1}) has been already used, duplicate ignored
<to be read again> 
                   \relax 
l.34     \end{abstract}
                        [1]) (main.toc
LaTeX Font Info:    Trying to load font information for FML+futmi on input line 8.
 (C:\Users\lenovo\AppData\Local\Programs\MiKTeX\tex/latex/fourier\fmlfutmi.fd
File: fmlfutmi.fd 2004/10/30 Fontinst v1.926 font definitions for FML/futmi.
)
LaTeX Font Info:    Font shape `FMX/futm/m/n' will be
(Font)              scaled to size 11.03998pt on input line 8.
LaTeX Font Info:    Font shape `FMX/futm/m/n' will be
(Font)              scaled to size 8.27998pt on input line 8.
LaTeX Font Info:    Font shape `FMX/futm/m/n' will be
(Font)              scaled to size 6.43999pt on input line 8.
LaTeX Font Info:    Font shape `U/futm/m/n' will be
(Font)              scaled to size 11.03998pt on input line 8.
LaTeX Font Info:    Font shape `U/futm/m/n' will be
(Font)              scaled to size 8.27998pt on input line 8.
LaTeX Font Info:    Font shape `U/futm/m/n' will be
(Font)              scaled to size 6.43999pt on input line 8.
pdfTeX warning (ext4): destination with the same identifier (name{page.1}) has been already used, duplicate ignored
<to be read again> 
                   \relax 
l.35 ...e {4.5.3}Image Data}{46}{subsection.4.5.3}
                                                  % [1

])
\tf@toc=\write6
\openout6 = `main.toc'.



Package fancyhdr Warning: \headheight is too small (12.0pt): 
(fancyhdr)                Make it at least 14.49998pt, for example:
(fancyhdr)                \setlength{\headheight}{14.49998pt}.
(fancyhdr)                You might also make \topmargin smaller to compensate:
(fancyhdr)                \addtolength{\topmargin}{-2.49998pt}.

[2] (main.lof
Overfull \hbox (3.07155pt too wide) in paragraph at lines 9--9
 [][] [][][]\T1/futs/m/n/12 Cumulative num-ber of pub-li-ca-tions re-fer-ring to big data in-dexed 
 []


Overfull \hbox (2.51962pt too wide) in paragraph at lines 10--10
 \T1/futs/m/n/12 brary, PubMed (Na-tional Li-brary of Medicine, Bethesda, MD), Web 
 []

[3

])
\tf@lof=\write7
\openout7 = `main.lof'.



Package fancyhdr Warning: \headheight is too small (12.0pt): 
(fancyhdr)                Make it at least 14.49998pt, for example:
(fancyhdr)                \setlength{\headheight}{14.49998pt}.
(fancyhdr)                You might also make \topmargin smaller to compensate:
(fancyhdr)                \addtolength{\topmargin}{-2.49998pt}.

[4] (main.lot)
\tf@lot=\write8
\openout8 = `main.lot'.

 (main.gls [5

]) (parts/introduction.tex [6


]
Chapter 1.
<images/chaptersFigures/intro.png, id=439, 781.92125pt x 742.775pt>
File: images/chaptersFigures/intro.png Graphic file (type png)
<use images/chaptersFigures/intro.png>
Package pdftex.def Info: images/chaptersFigures/intro.png  used on input line 10.
(pdftex.def)             Requested size: 390.00517pt x 370.47987pt.
[7

 <./images/chaptersFigures/intro.png (PNG copy)>]
<images/intro/sista.PNG, id=452, 537.50812pt x 336.50719pt>
File: images/intro/sista.PNG Graphic file (type png)
<use images/intro/sista.PNG>
Package pdftex.def Info: images/intro/sista.PNG  used on input line 30.
(pdftex.def)             Requested size: 292.5pt x 183.11806pt.


LaTeX Warning: `!h' float specifier changed to `!ht'.

[8]

Package fancyhdr Warning: \headheight is too small (12.0pt): 
(fancyhdr)                Make it at least 14.49998pt, for example:
(fancyhdr)                \setlength{\headheight}{14.49998pt}.
(fancyhdr)                You might also make \topmargin smaller to compensate:
(fancyhdr)                \addtolength{\topmargin}{-2.49998pt}.

[9 <./images/intro/sista.PNG>]

Package fancyhdr Warning: \headheight is too small (12.0pt): 
(fancyhdr)                Make it at least 14.49998pt, for example:
(fancyhdr)                \setlength{\headheight}{14.49998pt}.
(fancyhdr)                You might also make \topmargin smaller to compensate:
(fancyhdr)                \addtolength{\topmargin}{-2.49998pt}.

[10]) (parts/health_and_data.tex

Package fancyhdr Warning: \headheight is too small (12.0pt): 
(fancyhdr)                Make it at least 14.49998pt, for example:
(fancyhdr)                \setlength{\headheight}{14.49998pt}.
(fancyhdr)                You might also make \topmargin smaller to compensate:
(fancyhdr)                \addtolength{\topmargin}{-2.49998pt}.

[11]
Chapter 2.
<images/chaptersFigures/health.png, id=482, 1350.04375pt x 946.53625pt>
File: images/chaptersFigures/health.png Graphic file (type png)
<use images/chaptersFigures/health.png>
Package pdftex.def Info: images/chaptersFigures/health.png  used on input line 10.
(pdftex.def)             Requested size: 389.99887pt x 273.43414pt.
[12

 <./images/chaptersFigures/health.png (PNG copy)>]
<images/chapter1/publication_big_data.PNG, id=490, 443.256pt x 261.97874pt>
File: images/chapter1/publication_big_data.PNG Graphic file (type png)
<use images/chapter1/publication_big_data.PNG>
Package pdftex.def Info: images/chapter1/publication_big_data.PNG  used on input line 43.
(pdftex.def)             Requested size: 292.5pt x 172.87852pt.


LaTeX Warning: `!h' float specifier changed to `!ht'.

[13]
<images/chapter1/health_publication_bigData.PNG, id=505, 431.81325pt x 296.90926pt>
File: images/chapter1/health_publication_bigData.PNG Graphic file (type png)
<use images/chapter1/health_publication_bigData.PNG>
Package pdftex.def Info: images/chapter1/health_publication_bigData.PNG  used on input line 54.
(pdftex.def)             Requested size: 234.00238pt x 160.89944pt.


Package fancyhdr Warning: \headheight is too small (12.0pt): 
(fancyhdr)                Make it at least 14.49998pt, for example:
(fancyhdr)                \setlength{\headheight}{14.49998pt}.
(fancyhdr)                You might also make \topmargin smaller to compensate:
(fancyhdr)                \addtolength{\topmargin}{-2.49998pt}.

[14 <./images/chapter1/publication_big_data.PNG> <./images/chapter1/health_publication_bigData.PNG>]
Overfull \hbox (1.91833pt too wide) in paragraph at lines 80--81
[]\T1/futs/b/n/12 Administrative data \T1/futs/m/n/12 re-lated to pa-tient move-ments (iden-tity, dates, places,
 []


Overfull \hbox (6.65024pt too wide) in paragraph at lines 80--81
\T1/futs/m/n/12 etc.), de-mo-graphic (age, sex, place of res-i-dence, etc.) and in-sur-ance (health
 []


Package fancyhdr Warning: \headheight is too small (12.0pt): 
(fancyhdr)                Make it at least 14.49998pt, for example:
(fancyhdr)                \setlength{\headheight}{14.49998pt}.
(fancyhdr)                You might also make \topmargin smaller to compensate:
(fancyhdr)                \addtolength{\topmargin}{-2.49998pt}.

[15]
Overfull \hbox (7.78654pt too wide) in paragraph at lines 83--85
[]\T1/futs/b/n/12 Data re-lat-ing to the drugs ad-min-is-tered to the pa-tient\T1/futs/m/n/12 , gen-er-ally by nurses
 []

(Tables/chapter1/source_data_medical.tex
Underfull \hbox (badness 7064) in paragraph at lines 9--9
[]|\T1/futs/b/n/12 Communications be-tween care-
 []


Underfull \hbox (badness 1527) in paragraph at lines 9--9
\T1/futs/m/n/12 ob-ser-va-tions, med-i-cal let-ters, re-
 []


Underfull \hbox (badness 10000) in paragraph at lines 11--11
[]|\T1/futs/b/n/12 Data man-aged by cen-tral-ized
 []


Overfull \hbox (37.59998pt too wide) in paragraph at lines 3--23
 [][] 
 []

)
Overfull \hbox (1.07959pt too wide) in paragraph at lines 101--102
\T1/futs/m/n/12 Self-tracking and doc-u-ment-ing in-for-ma-tion about as-pects of one's per-sonal and
 []


Package fancyhdr Warning: \headheight is too small (12.0pt): 
(fancyhdr)                Make it at least 14.49998pt, for example:
(fancyhdr)                \setlength{\headheight}{14.49998pt}.
(fancyhdr)                You might also make \topmargin smaller to compensate:
(fancyhdr)                \addtolength{\topmargin}{-2.49998pt}.

[16]
Overfull \hbox (5.53159pt too wide) in paragraph at lines 104--106
\T1/futs/m/n/12 kinds of records, in-clud-ing pa-tient charts, x-rays, im-ages, scans, and even emails.
 []


Overfull \hbox (1.35553pt too wide) in paragraph at lines 107--108
\T1/futs/m/n/12 health-related in-for-ma-tion on an in-di-vid-ual that can be cre-ated, gath-ered, man-
 []


Package fancyhdr Warning: \headheight is too small (12.0pt): 
(fancyhdr)                Make it at least 14.49998pt, for example:
(fancyhdr)                \setlength{\headheight}{14.49998pt}.
(fancyhdr)                You might also make \topmargin smaller to compensate:
(fancyhdr)                \addtolength{\topmargin}{-2.49998pt}.

[17] (Tables/chapter1/emr_ehr_diff.tex
Overfull \hbox (25.19998pt too wide) in paragraph at lines 3--24
 [][] 
 []

)

Package fancyhdr Warning: \headheight is too small (12.0pt): 
(fancyhdr)                Make it at least 14.49998pt, for example:
(fancyhdr)                \setlength{\headheight}{14.49998pt}.
(fancyhdr)                You might also make \topmargin smaller to compensate:
(fancyhdr)                \addtolength{\topmargin}{-2.49998pt}.

[18]
Overfull \hbox (10.1755pt too wide) in paragraph at lines 129--130
\T1/futs/m/n/12 Electronic Per-sonal Health Records (ePHRs) are a rep-re-sen-ta-tion of health records
 []


Overfull \hbox (16.0195pt too wide) in paragraph at lines 129--130
\T1/futs/m/n/12 and stor-ing life-long per-sonal health in-for-ma-tion for var-i-ous pur-poses from chronic
 []

<images/chapter1/phr_ehr.PNG, id=566, 729.927pt x 413.1435pt>
File: images/chapter1/phr_ehr.PNG Graphic file (type png)
<use images/chapter1/phr_ehr.PNG>
Package pdftex.def Info: images/chapter1/phr_ehr.PNG  used on input line 134.
(pdftex.def)             Requested size: 292.5pt x 165.55705pt.

Package fancyhdr Warning: \headheight is too small (12.0pt): 
(fancyhdr)                Make it at least 14.49998pt, for example:
(fancyhdr)                \setlength{\headheight}{14.49998pt}.
(fancyhdr)                You might also make \topmargin smaller to compensate:
(fancyhdr)                \addtolength{\topmargin}{-2.49998pt}.

[19 <./images/chapter1/phr_ehr.PNG>]

Package fancyhdr Warning: \headheight is too small (12.0pt): 
(fancyhdr)                Make it at least 14.49998pt, for example:
(fancyhdr)                \setlength{\headheight}{14.49998pt}.
(fancyhdr)                You might also make \topmargin smaller to compensate:
(fancyhdr)                \addtolength{\topmargin}{-2.49998pt}.

[20]) (parts/dataVis.tex

Package fancyhdr Warning: \headheight is too small (12.0pt): 
(fancyhdr)                Make it at least 14.49998pt, for example:
(fancyhdr)                \setlength{\headheight}{14.49998pt}.
(fancyhdr)                You might also make \topmargin smaller to compensate:
(fancyhdr)                \addtolength{\topmargin}{-2.49998pt}.

[21]
Chapter 3.
<images/chaptersFigures/dataViz.png, id=592, 813.0375pt x 850.17625pt>
File: images/chaptersFigures/dataViz.png Graphic file (type png)
<use images/chaptersFigures/dataViz.png>
Package pdftex.def Info: images/chaptersFigures/dataViz.png  used on input line 5.
(pdftex.def)             Requested size: 389.99304pt x 407.80754pt.
[22

]
Overfull \vbox (1.84288pt too high) has occurred while \output is active []



Package fancyhdr Warning: \headheight is too small (12.0pt): 
(fancyhdr)                Make it at least 14.49998pt, for example:
(fancyhdr)                \setlength{\headheight}{14.49998pt}.
(fancyhdr)                You might also make \topmargin smaller to compensate:
(fancyhdr)                \addtolength{\topmargin}{-2.49998pt}.

[23 <./images/chaptersFigures/dataViz.png (PNG copy)>]
Overfull \hbox (4.11545pt too wide) in paragraph at lines 12--13
\T1/futs/m/n/12 deaths in mil-i-tary hos-pi-tals in Scu-tari aris-ing from the changes she instituted[[]]
 []

<images/chapter2/rose.jpg, id=604, 1636.1125pt x 1027.84pt>
File: images/chapter2/rose.jpg Graphic file (type jpg)
<use images/chapter2/rose.jpg>
Package pdftex.def Info: images/chapter2/rose.jpg  used on input line 16.
(pdftex.def)             Requested size: 304.19952pt x 191.10411pt.

Overfull \hbox (3.23094pt too wide) in paragraph at lines 26--27
\T1/futs/m/n/12 sci-en-tific vi-su-al-iza-tion and in-for-ma-tion vi-su-al-iza-tion. A third, newer field, called
 []


Overfull \hbox (0.59155pt too wide) in paragraph at lines 26--27
\T1/futs/m/n/12 also an ex-ten-sion of the for-mer two fields[[]]. In this pa-per, we will fo-cus mainly
 []

[24 <./images/chapter2/rose.jpg>]
Overfull \hbox (6.50348pt too wide) in paragraph at lines 29--30
\T1/futs/m/n/12 Information vi-su-al-iza-tion (In-fo-Vis) is the prac-tice of rep-re-sent-ing data in a mean-
 []

<images/chapter2/types-of-data-visualization.jpg, id=616, 1156.32pt x 694.09312pt>
File: images/chapter2/types-of-data-visualization.jpg Graphic file (type jpg)
<use images/chapter2/types-of-data-visualization.jpg>
Package pdftex.def Info: images/chapter2/types-of-data-visualization.jpg  used on input line 35.
(pdftex.def)             Requested size: 234.00238pt x 140.45776pt.

Package fancyhdr Warning: \headheight is too small (12.0pt): 
(fancyhdr)                Make it at least 14.49998pt, for example:
(fancyhdr)                \setlength{\headheight}{14.49998pt}.
(fancyhdr)                You might also make \topmargin smaller to compensate:
(fancyhdr)                \addtolength{\topmargin}{-2.49998pt}.

[25 <./images/chapter2/types-of-data-visualization.jpg>]
<images/chapter2/simplepipline.PNG, id=625, 199.34476pt x 283.0575pt>
File: images/chapter2/simplepipline.PNG Graphic file (type png)
<use images/chapter2/simplepipline.PNG>
Package pdftex.def Info: images/chapter2/simplepipline.PNG  used on input line 46.
(pdftex.def)             Requested size: 77.99881pt x 110.75046pt.
<images/chapter2/infoVispipeline.PNG, id=627, 517.935pt x 95.75775pt>
File: images/chapter2/infoVispipeline.PNG Graphic file (type png)
<use images/chapter2/infoVispipeline.PNG>
Package pdftex.def Info: images/chapter2/infoVispipeline.PNG  used on input line 57.
(pdftex.def)             Requested size: 312.00119pt x 57.68594pt.


Package fancyhdr Warning: \headheight is too small (12.0pt): 
(fancyhdr)                Make it at least 14.49998pt, for example:
(fancyhdr)                \setlength{\headheight}{14.49998pt}.
(fancyhdr)                You might also make \topmargin smaller to compensate:
(fancyhdr)                \addtolength{\topmargin}{-2.49998pt}.

[26 <./images/chapter2/simplepipline.PNG> <./images/chapter2/infoVispipeline.PNG>]
Overfull \hbox (0.49203pt too wide) in paragraph at lines 70--71
\T1/futs/m/n/12 be col-lected through sev-eral sources, in-clud-ing on-line sources, com-
 []


Package fancyhdr Warning: \headheight is too small (12.0pt): 
(fancyhdr)                Make it at least 14.49998pt, for example:
(fancyhdr)                \setlength{\headheight}{14.49998pt}.
(fancyhdr)                You might also make \topmargin smaller to compensate:
(fancyhdr)                \addtolength{\topmargin}{-2.49998pt}.

[27]
Overfull \hbox (9.82437pt too wide) in paragraph at lines 108--109
[]\T1/futs/m/n/12 Several ap-proaches have been de-vel-oped de-pend-ing on the in-te-gra-tion needs.
 []


Package fancyhdr Warning: \headheight is too small (12.0pt): 
(fancyhdr)                Make it at least 14.49998pt, for example:
(fancyhdr)                \setlength{\headheight}{14.49998pt}.
(fancyhdr)                You might also make \topmargin smaller to compensate:
(fancyhdr)                \addtolength{\topmargin}{-2.49998pt}.

[28]
Overfull \hbox (5.43597pt too wide) in paragraph at lines 114--115
[]\T1/futs/m/n/12 Data trans-for-ma-tion, which con-sists of clean-ing and ag-gre-gat-ing data
 []

(Tables/chapter2/Integration_Approaches_comparaison.tex
Underfull \hbox (badness 10000) in paragraph at lines 15--15
[]|\T1/futs/m/n/12 Data trans-for-ma-
 []


Underfull \hbox (badness 10000) in paragraph at lines 18--18
[]|\T1/futs/m/n/12 -Consolidation of
 []


Underfull \hbox (badness 1205) in paragraph at lines 18--18
\T1/futs/m/n/12 a large amount of
 []


Underfull \hbox (badness 10000) in paragraph at lines 18--18
[]|\T1/futs/m/n/12 -Link an ex-ist-
 []


Underfull \hbox (badness 10000) in paragraph at lines 18--18
\T1/futs/m/n/12 ing ware-house
 []


Underfull \hbox (badness 4156) in paragraph at lines 18--18
\T1/futs/m/n/12 with spe-cific data
 []


Underfull \hbox (badness 10000) in paragraph at lines 18--18
\T1/futs/m/n/12 -Source data
 []


Underfull \hbox (badness 10000) in paragraph at lines 18--18
\T1/futs/m/n/12 volatile and ac-
 []


Underfull \hbox (badness 10000) in paragraph at lines 18--18
\T1/futs/m/n/12 ces-si-ble us-ing
 []


Underfull \hbox (badness 10000) in paragraph at lines 18--19
[]|\T1/futs/m/n/12 -Sources not di-
 []


Overfull \hbox (52.39996pt too wide) in paragraph at lines 3--23
 [][] 
 []

)

Package fancyhdr Warning: \headheight is too small (12.0pt): 
(fancyhdr)                Make it at least 14.49998pt, for example:
(fancyhdr)                \setlength{\headheight}{14.49998pt}.
(fancyhdr)                You might also make \topmargin smaller to compensate:
(fancyhdr)                \addtolength{\topmargin}{-2.49998pt}.

[29]) (parts/contribution.tex
Overfull \hbox (2.38756pt too wide) in paragraph at lines 126--1
\T1/futs/m/n/12 pre-sent-ing the vi-su-al-iza-tion pipeline pro-cess, and then mov-ing to the data ware-
 []


Package fancyhdr Warning: \headheight is too small (12.0pt): 
(fancyhdr)                Make it at least 14.49998pt, for example:
(fancyhdr)                \setlength{\headheight}{14.49998pt}.
(fancyhdr)                You might also make \topmargin smaller to compensate:
(fancyhdr)                \addtolength{\topmargin}{-2.49998pt}.

[30]
Chapter 4.
<images/chaptersFigures/contribution.png, id=678, 1180.41pt x 667.49374pt>
File: images/chaptersFigures/contribution.png Graphic file (type png)
<use images/chaptersFigures/contribution.png>
Package pdftex.def Info: images/chaptersFigures/contribution.png  used on input line 10.
(pdftex.def)             Requested size: 389.9868pt x 220.52824pt.
[31

 <./images/chaptersFigures/contribution.png (PNG copy)>]
Overfull \hbox (0.97153pt too wide) in paragraph at lines 28--29
\T1/futs/m/n/12 tems, data ware-houses and so-lu-tions that at-tempt to in-te-grate in-fo-Vis into med-
 []

[32]
<images/chapter3/relatedwork/cancerDiagrame.PNG, id=694, 337.86224pt x 145.14224pt>
File: images/chapter3/relatedwork/cancerDiagrame.PNG Graphic file (type png)
<use images/chapter3/relatedwork/cancerDiagrame.PNG>
Package pdftex.def Info: images/chapter3/relatedwork/cancerDiagrame.PNG  used on input line 40.
(pdftex.def)             Requested size: 292.5pt x 125.66147pt.
<images/chapter3/relatedwork/cancersystem.PNG, id=696, 395.076pt x 213.1965pt>
File: images/chapter3/relatedwork/cancersystem.PNG Graphic file (type png)
<use images/chapter3/relatedwork/cancersystem.PNG>
Package pdftex.def Info: images/chapter3/relatedwork/cancersystem.PNG  used on input line 47.
(pdftex.def)             Requested size: 350.99762pt x 189.41571pt.

Overfull \hbox (3.86394pt too wide) in paragraph at lines 44--51
[]\T1/futs/m/it/12 Architecture De-sign: \T1/futs/m/n/12 Data is im-ported from sev-eral sources and trans-
 []


Package fancyhdr Warning: \headheight is too small (12.0pt): 
(fancyhdr)                Make it at least 14.49998pt, for example:
(fancyhdr)                \setlength{\headheight}{14.49998pt}.
(fancyhdr)                You might also make \topmargin smaller to compensate:
(fancyhdr)                \addtolength{\topmargin}{-2.49998pt}.

[33 <./images/chapter3/relatedwork/cancerDiagrame.PNG> <./images/chapter3/relatedwork/cancersystem.PNG>]
<images/chapter3/relatedwork/pharmacysystem.PNG, id=706, 354.72525pt x 257.16075pt>
File: images/chapter3/relatedwork/pharmacysystem.PNG Graphic file (type png)
<use images/chapter3/relatedwork/pharmacysystem.PNG>
Package pdftex.def Info: images/chapter3/relatedwork/pharmacysystem.PNG  used on input line 56.
(pdftex.def)             Requested size: 312.00119pt x 226.18835pt.

Overfull \hbox (14.39824pt too wide) in paragraph at lines 53--60
\T1/futs/m/n/12 dis-tri-bu-tion sys-tems in phar-ma-ceu-ti-cal com-pa-nies to de-crease the medicine
 []


Overfull \hbox (1.83423pt too wide) in paragraph at lines 53--60
\T1/futs/m/n/12 three is test-ing the per-for-mance based on mean square er-ror (MSE). Phase
 []


Package fancyhdr Warning: \headheight is too small (12.0pt): 
(fancyhdr)                Make it at least 14.49998pt, for example:
(fancyhdr)                \setlength{\headheight}{14.49998pt}.
(fancyhdr)                You might also make \topmargin smaller to compensate:
(fancyhdr)                \addtolength{\topmargin}{-2.49998pt}.

[34 <./images/chapter3/relatedwork/pharmacysystem.PNG>]
Overfull \hbox (3.92223pt too wide) in paragraph at lines 62--63
\T1/futs/m/n/12 keys in the frame-work Apache Hive re-quired in the con-cep-tual data model.
 []

<images/chapter3/relatedwork/relatedworkHadoop.PNG, id=715, 300.52275pt x 389.0535pt>
File: images/chapter3/relatedwork/relatedworkHadoop.PNG Graphic file (type png)
<use images/chapter3/relatedwork/relatedworkHadoop.PNG>
Package pdftex.def Info: images/chapter3/relatedwork/relatedworkHadoop.PNG  used on input line 67.
(pdftex.def)             Requested size: 234.00238pt x 302.93808pt.

Package fancyhdr Warning: \headheight is too small (12.0pt): 
(fancyhdr)                Make it at least 14.49998pt, for example:
(fancyhdr)                \setlength{\headheight}{14.49998pt}.
(fancyhdr)                You might also make \topmargin smaller to compensate:
(fancyhdr)                \addtolength{\topmargin}{-2.49998pt}.

[35 <./images/chapter3/relatedwork/relatedworkHadoop.PNG>]
Overfull \hbox (11.83156pt too wide) in paragraph at lines 80--81
\T1/futs/m/n/12 by the needs for com-mu-ni-ca-tion among health pro-fes-sion-als and be-tween health-
 []


Overfull \hbox (1.99551pt too wide) in paragraph at lines 80--81
\T1/futs/m/n/12 care or-ga-ni-za-tions such as hos-pi-tals and health in-sur-ance com-pa-nies. The main
 []


Overfull \hbox (15.5422pt too wide) in paragraph at lines 85--86
\T1/futs/m/n/12 dard-iza-tion. For ex-am-ple, query-ing on mul-ti-ple molec-u-lar bi-ol-ogy databases
 []


Package fancyhdr Warning: \headheight is too small (12.0pt): 
(fancyhdr)                Make it at least 14.49998pt, for example:
(fancyhdr)                \setlength{\headheight}{14.49998pt}.
(fancyhdr)                You might also make \topmargin smaller to compensate:
(fancyhdr)                \addtolength{\topmargin}{-2.49998pt}.

[36] (Tables/chapter3/xmlcomparaison.tex
Underfull \hbox (badness 10000) in paragraph at lines 6--6
[]|\T1/futs/b/n/10.95 Field/
 []


Underfull \hbox (badness 10000) in paragraph at lines 6--6
[]|[]\T1/futs/b/n/10.95 Java
 []


Overfull \hbox (6.08966pt too wide) in paragraph at lines 6--7
[]|[]\T1/futs/b/n/10.95 OODBMS| 
 []


Underfull \hbox (badness 10000) in paragraph at lines 9--9
[]|\T1/futs/m/n/12 Model ex-pres-
 []


Overfull \hbox (13.1109pt too wide) in paragraph at lines 3--34
 [][] 
 []

)

Package fancyhdr Warning: \headheight is too small (12.0pt): 
(fancyhdr)                Make it at least 14.49998pt, for example:
(fancyhdr)                \setlength{\headheight}{14.49998pt}.
(fancyhdr)                You might also make \topmargin smaller to compensate:
(fancyhdr)                \addtolength{\topmargin}{-2.49998pt}.

[37]
<images/chapter3/systemProcesss.png, id=738, 246.9225pt x 442.65375pt>
File: images/chapter3/systemProcesss.png Graphic file (type png)
<use images/chapter3/systemProcesss.png>
Package pdftex.def Info: images/chapter3/systemProcesss.png  used on input line 105.
(pdftex.def)             Requested size: 77.99881pt x 139.82166pt.
<images/chapter3/system.png, id=739, 782.925pt x 350.81062pt>
File: images/chapter3/system.png Graphic file (type png)
<use images/chapter3/system.png>
Package pdftex.def Info: images/chapter3/system.png  used on input line 114.
(pdftex.def)             Requested size: 234.00238pt x 104.84787pt.

Overfull \hbox (20.59021pt too wide) in paragraph at lines 124--125
\T1/futs/m/n/12 of prac-tic-ing and pre-vi-ous sug-gested drugs in pre-scrip-tions by other providers
 []


Package fancyhdr Warning: \headheight is too small (12.0pt): 
(fancyhdr)                Make it at least 14.49998pt, for example:
(fancyhdr)                \setlength{\headheight}{14.49998pt}.
(fancyhdr)                You might also make \topmargin smaller to compensate:
(fancyhdr)                \addtolength{\topmargin}{-2.49998pt}.

[38 <./images/chapter3/systemProcesss.png> <./images/chapter3/system.png>]
<images/chapter3/dataset/medicine_prescription_records - Copie.PNG, id=753, 398.08725pt x 304.7385pt>
File: images/chapter3/dataset/medicine_prescription_records - Copie.PNG Graphic file (type png)
<use images/chapter3/dataset/medicine_prescription_records - Copie.PNG>
Package pdftex.def Info: images/chapter3/dataset/medicine_prescription_records - Copie.PNG  used on input line 128.
(pdftex.def)             Requested size: 195.0pt x 149.27666pt.
<images/chapter3/dataset/healthprescription.PNG, id=755, 922.647pt x 462.528pt>
File: images/chapter3/dataset/healthprescription.PNG Graphic file (type png)
<use images/chapter3/dataset/healthprescription.PNG>
Package pdftex.def Info: images/chapter3/dataset/healthprescription.PNG  used on input line 136.
(pdftex.def)             Requested size: 253.49762pt x 127.07913pt.


Package fancyhdr Warning: \headheight is too small (12.0pt): 
(fancyhdr)                Make it at least 14.49998pt, for example:
(fancyhdr)                \setlength{\headheight}{14.49998pt}.
(fancyhdr)                You might also make \topmargin smaller to compensate:
(fancyhdr)                \addtolength{\topmargin}{-2.49998pt}.

[39 <./images/chapter3/dataset/medicine_prescription_records - Copie.PNG> <./images/chapter3/dataset/healthprescription.PNG>]
<images/chapter3/dataset/indianliver.PNG, id=763, 1134.639pt x 386.04225pt>
File: images/chapter3/dataset/indianliver.PNG Graphic file (type png)
<use images/chapter3/dataset/indianliver.PNG>
Package pdftex.def Info: images/chapter3/dataset/indianliver.PNG  used on input line 145.
(pdftex.def)             Requested size: 253.49762pt x 86.24902pt.
<images/chapter3/dataset/simptoms.PNG, id=765, 1128.01425pt x 453.49425pt>
File: images/chapter3/dataset/simptoms.PNG Graphic file (type png)
<use images/chapter3/dataset/simptoms.PNG>
Package pdftex.def Info: images/chapter3/dataset/simptoms.PNG  used on input line 152.
(pdftex.def)             Requested size: 253.49762pt x 101.91415pt.

Overfull \hbox (1.46243pt too wide) in paragraph at lines 149--156
[]\T1/futs/b/n/12 Disease Symp-tom Pre-dic-tion Dataset: \T1/futs/m/n/12 There are columns con-tain-ing dis-
 []

<images/chapter3/dataset/treat.PNG, id=767, 1132.23pt x 399.894pt>
File: images/chapter3/dataset/treat.PNG Graphic file (type png)
<use images/chapter3/dataset/treat.PNG>
Package pdftex.def Info: images/chapter3/dataset/treat.PNG  used on input line 160.
(pdftex.def)             Requested size: 234.00238pt x 82.64389pt.

Overfull \hbox (4.45036pt too wide) in paragraph at lines 157--164
[]\T1/futs/b/n/12 Patient Treat-ment Clas-si-fi-ca-tion: \T1/futs/m/n/12 This dataset is Elec-tronic Health Record
 []


Package fancyhdr Warning: \headheight is too small (12.0pt): 
(fancyhdr)                Make it at least 14.49998pt, for example:
(fancyhdr)                \setlength{\headheight}{14.49998pt}.
(fancyhdr)                You might also make \topmargin smaller to compensate:
(fancyhdr)                \addtolength{\topmargin}{-2.49998pt}.

[40 <./images/chapter3/dataset/indianliver.PNG> <./images/chapter3/dataset/simptoms.PNG> <./images/chapter3/dataset/treat.PNG>]
<images/chapter3/pretartmntData/diagnosis.PNG, id=776, 1099.7085pt x 548.0475pt>
File: images/chapter3/pretartmntData/diagnosis.PNG Graphic file (type png)
<use images/chapter3/pretartmntData/diagnosis.PNG>
Package pdftex.def Info: images/chapter3/pretartmntData/diagnosis.PNG  used on input line 174.
(pdftex.def)             Requested size: 222.30154pt x 110.7783pt.
<images/chapter3/pretartmntData/medicalrecord.PNG, id=777, 1011.17775pt x 532.389pt>
File: images/chapter3/pretartmntData/medicalrecord.PNG Graphic file (type png)
<use images/chapter3/pretartmntData/medicalrecord.PNG>
Package pdftex.def Info: images/chapter3/pretartmntData/medicalrecord.PNG  used on input line 178.
(pdftex.def)             Requested size: 222.30154pt x 117.03658pt.

Overfull \hbox (79.88876pt too wide) in paragraph at lines 172--181
[]$[]$ $[]$ 
 []

<images/chapter3/pretartmntData/labtests.PNG, id=778, 812.43526pt x 548.64975pt>
File: images/chapter3/pretartmntData/labtests.PNG Graphic file (type png)
<use images/chapter3/pretartmntData/labtests.PNG>
Package pdftex.def Info: images/chapter3/pretartmntData/labtests.PNG  used on input line 190.
(pdftex.def)             Requested size: 203.77547pt x 137.61417pt.
<images/chapter3/pretartmntData/patientInfo.PNG, id=779, 552.8655pt x 551.661pt>
File: images/chapter3/pretartmntData/patientInfo.PNG Graphic file (type png)
<use images/chapter3/pretartmntData/patientInfo.PNG>
Package pdftex.def Info: images/chapter3/pretartmntData/patientInfo.PNG  used on input line 194.
(pdftex.def)             Requested size: 193.04976pt x 192.62968pt.

Overfull \hbox (40.88638pt too wide) in paragraph at lines 188--197
[]$[]$ $[]$ 
 []


Package fancyhdr Warning: \headheight is too small (12.0pt): 
(fancyhdr)                Make it at least 14.49998pt, for example:
(fancyhdr)                \setlength{\headheight}{14.49998pt}.
(fancyhdr)                You might also make \topmargin smaller to compensate:
(fancyhdr)                \addtolength{\topmargin}{-2.49998pt}.

[41 <./images/chapter3/pretartmntData/diagnosis.PNG> <./images/chapter3/pretartmntData/medicalrecord.PNG> <./images/chapter3/pretartmntData/labtests.PNG> <./images/chapter3/pretartmntData/patientInfo.PNG>]
<images/chapter3/jobInputs.PNG, id=790, 266.79675pt x 399.29175pt>
File: images/chapter3/jobInputs.PNG Graphic file (type png)
<use images/chapter3/jobInputs.PNG>
Package pdftex.def Info: images/chapter3/jobInputs.PNG  used on input line 211.
(pdftex.def)             Requested size: 155.99762pt x 233.4781pt.
<images/chapter3/jobresult.PNG, id=791, 884.103pt x 337.86224pt>
File: images/chapter3/jobresult.PNG Graphic file (type png)
<use images/chapter3/jobresult.PNG>
Package pdftex.def Info: images/chapter3/jobresult.PNG  used on input line 217.
(pdftex.def)             Requested size: 312.00119pt x 119.2279pt.


Package fancyhdr Warning: \headheight is too small (12.0pt): 
(fancyhdr)                Make it at least 14.49998pt, for example:
(fancyhdr)                \setlength{\headheight}{14.49998pt}.
(fancyhdr)                You might also make \topmargin smaller to compensate:
(fancyhdr)                \addtolength{\topmargin}{-2.49998pt}.

[42 <./images/chapter3/jobInputs.PNG> <./images/chapter3/jobresult.PNG>]
<images/chapter3/tree.jpg, id=799, 818.05624pt x 398.48875pt>
File: images/chapter3/tree.jpg Graphic file (type jpg)
<use images/chapter3/tree.jpg>
Package pdftex.def Info: images/chapter3/tree.jpg  used on input line 226.
(pdftex.def)             Requested size: 386.10214pt x 188.08018pt.


Package fancyhdr Warning: \headheight is too small (12.0pt): 
(fancyhdr)                Make it at least 14.49998pt, for example:
(fancyhdr)                \setlength{\headheight}{14.49998pt}.
(fancyhdr)                You might also make \topmargin smaller to compensate:
(fancyhdr)                \addtolength{\topmargin}{-2.49998pt}.

[43 <./images/chapter3/tree.jpg>]
<images/chapter3/rendering.png, id=806, 243.91125pt x 444.15938pt>
File: images/chapter3/rendering.png Graphic file (type png)
<use images/chapter3/rendering.png>
Package pdftex.def Info: images/chapter3/rendering.png  used on input line 248.
(pdftex.def)             Requested size: 77.99881pt x 142.03224pt.


Package fancyhdr Warning: \headheight is too small (12.0pt): 
(fancyhdr)                Make it at least 14.49998pt, for example:
(fancyhdr)                \setlength{\headheight}{14.49998pt}.
(fancyhdr)                You might also make \topmargin smaller to compensate:
(fancyhdr)                \addtolength{\topmargin}{-2.49998pt}.

[44 <./images/chapter3/rendering.png>]
<images/chapter3/chartexmple/bar.PNG, id=814, 258.9675pt x 138.5175pt>
File: images/chapter3/chartexmple/bar.PNG Graphic file (type png)
<use images/chapter3/chartexmple/bar.PNG>
Package pdftex.def Info: images/chapter3/chartexmple/bar.PNG  used on input line 293.
(pdftex.def)             Requested size: 97.5pt x 52.15106pt.
<images/chapter3/chartexmple/line.PNG, id=815, 190.91325pt x 163.20975pt>
File: images/chapter3/chartexmple/line.PNG Graphic file (type png)
<use images/chapter3/chartexmple/line.PNG>
Package pdftex.def Info: images/chapter3/chartexmple/line.PNG  used on input line 298.
(pdftex.def)             Requested size: 97.5pt x 83.3529pt.
<images/chapter3/chartexmple/pie.PNG, id=816, 261.97874pt x 160.1985pt>
File: images/chapter3/chartexmple/pie.PNG Graphic file (type png)
<use images/chapter3/chartexmple/pie.PNG>
Package pdftex.def Info: images/chapter3/chartexmple/pie.PNG  used on input line 303.
(pdftex.def)             Requested size: 97.5pt x 59.61961pt.
<images/chapter3/chartexmple/scatter.PNG, id=817, 266.1945pt x 152.36925pt>
File: images/chapter3/chartexmple/scatter.PNG Graphic file (type png)
<use images/chapter3/chartexmple/scatter.PNG>
Package pdftex.def Info: images/chapter3/chartexmple/scatter.PNG  used on input line 308.
(pdftex.def)             Requested size: 97.5pt x 55.80844pt.

Overfull \hbox (1.884pt too wide) in paragraph at lines 291--311
[]$[]$ $[]$
 []


Overfull \hbox (1.884pt too wide) in paragraph at lines 291--311
[]$ $[]$ 
 []


LaTeX Warning: `!h' float specifier changed to `!ht'.


Package fancyhdr Warning: \headheight is too small (12.0pt): 
(fancyhdr)                Make it at least 14.49998pt, for example:
(fancyhdr)                \setlength{\headheight}{14.49998pt}.
(fancyhdr)                You might also make \topmargin smaller to compensate:
(fancyhdr)                \addtolength{\topmargin}{-2.49998pt}.

[45]) (parts/Implementation.tex
Overfull \hbox (3.13545pt too wide) in paragraph at lines 318--1
\T1/futs/m/n/12 three phases: data prepa-ra-tion, data ren-der-ing, and im-age data. The data prepa-
 []


Package fancyhdr Warning: \headheight is too small (12.0pt): 
(fancyhdr)                Make it at least 14.49998pt, for example:
(fancyhdr)                \setlength{\headheight}{14.49998pt}.
(fancyhdr)                You might also make \topmargin smaller to compensate:
(fancyhdr)                \addtolength{\topmargin}{-2.49998pt}.

[46 <./images/chapter3/chartexmple/bar.PNG> <./images/chapter3/chartexmple/line.PNG> <./images/chapter3/chartexmple/pie.PNG> <./images/chapter3/chartexmple/scatter.PNG>]
Chapter 5.
<images/chaptersFigures/implementation.png, id=832, 1079.03125pt x 808.01875pt>
File: images/chaptersFigures/implementation.png Graphic file (type png)
<use images/chaptersFigures/implementation.png>
Package pdftex.def Info: images/chaptersFigures/implementation.png  used on input line 11.
(pdftex.def)             Requested size: 389.99864pt x 292.04549pt.
[47

 <./images/chaptersFigures/implementation.png (PNG copy)>]
<images/chapter4/python_pandas.png, id=841, 647.41875pt x 301.8778pt>
File: images/chapter4/python_pandas.png Graphic file (type png)
<use images/chapter4/python_pandas.png>
Package pdftex.def Info: images/chapter4/python_pandas.png  used on input line 32.
(pdftex.def)             Requested size: 155.99762pt x 72.73773pt.
 [48 <./images/chapter4/python_pandas.png>]
<images/chapter4/talendInterface.png, id=855, 470.35725pt x 262.581pt>
File: images/chapter4/talendInterface.png Graphic file (type png)
<use images/chapter4/talendInterface.png>
Package pdftex.def Info: images/chapter4/talendInterface.png  used on input line 60.
(pdftex.def)             Requested size: 292.5pt x 163.29134pt.


Package fancyhdr Warning: \headheight is too small (12.0pt): 
(fancyhdr)                Make it at least 14.49998pt, for example:
(fancyhdr)                \setlength{\headheight}{14.49998pt}.
(fancyhdr)                You might also make \topmargin smaller to compensate:
(fancyhdr)                \addtolength{\topmargin}{-2.49998pt}.

[49 <./images/chapter4/talendInterface.png>]
<images/chapter4/TableauLogo.png, id=864, 289.08pt x 59.9841pt>
File: images/chapter4/TableauLogo.png Graphic file (type png)
<use images/chapter4/TableauLogo.png>
Package pdftex.def Info: images/chapter4/TableauLogo.png  used on input line 73.
(pdftex.def)             Requested size: 292.5pt x 60.69693pt.
<images/chapter4/powerBi.png, id=866, 770.88pt x 192.72pt>
File: images/chapter4/powerBi.png Graphic file (type png)
<use images/chapter4/powerBi.png>
Package pdftex.def Info: images/chapter4/powerBi.png  used on input line 82.
(pdftex.def)             Requested size: 292.5pt x 73.1226pt.


Package fancyhdr Warning: \headheight is too small (12.0pt): 
(fancyhdr)                Make it at least 14.49998pt, for example:
(fancyhdr)                \setlength{\headheight}{14.49998pt}.
(fancyhdr)                You might also make \topmargin smaller to compensate:
(fancyhdr)                \addtolength{\topmargin}{-2.49998pt}.

[50 <./images/chapter4/TableauLogo.png> <./images/chapter4/powerBi.png>]
Overfull \hbox (11.12169pt too wide) in paragraph at lines 92--93
[]\T1/futs/m/n/12 Power BI wins on broad us-age by a non-technical au-di-ence whereas Tableau
 []


Package fancyhdr Warning: \headheight is too small (12.0pt): 
(fancyhdr)                Make it at least 14.49998pt, for example:
(fancyhdr)                \setlength{\headheight}{14.49998pt}.
(fancyhdr)                You might also make \topmargin smaller to compensate:
(fancyhdr)                \addtolength{\topmargin}{-2.49998pt}.

[51]
<images/chapter4/bootsrapCss.png, id=885, 941.76843pt x 557.83406pt>
File: images/chapter4/bootsrapCss.png Graphic file (type png)
<use images/chapter4/bootsrapCss.png>
Package pdftex.def Info: images/chapter4/bootsrapCss.png  used on input line 107.
(pdftex.def)             Requested size: 234.00238pt x 138.59846pt.

Overfull \hbox (7.49951pt too wide) in paragraph at lines 103--111
 []\T1/futs/b/n/12 Bootstrap: \T1/futs/m/n/12 Twit-ter in-tro-duced the frame-work in 2011, Bootstrap[[]] is an open-
 []


Package fancyhdr Warning: \headheight is too small (12.0pt): 
(fancyhdr)                Make it at least 14.49998pt, for example:
(fancyhdr)                \setlength{\headheight}{14.49998pt}.
(fancyhdr)                You might also make \topmargin smaller to compensate:
(fancyhdr)                \addtolength{\topmargin}{-2.49998pt}.

[52 <./images/chapter4/bootsrapCss.png>]
<images/chapter4/jshigh.png, id=897, 849.92531pt x 507.39563pt>
File: images/chapter4/jshigh.png Graphic file (type png)
<use images/chapter4/jshigh.png>
Package pdftex.def Info: images/chapter4/jshigh.png  used on input line 122.
(pdftex.def)             Requested size: 195.0pt x 116.41208pt.

Overfull \hbox (19.83543pt too wide) in paragraph at lines 117--126
 []\T1/futs/b/n/12 Highcharts: \T1/futs/m/n/12 High-charts is a soft-ware li-brary for chart-ing writ-ten in pure JavaScript
 []


Package fancyhdr Warning: \headheight is too small (12.0pt): 
(fancyhdr)                Make it at least 14.49998pt, for example:
(fancyhdr)                \setlength{\headheight}{14.49998pt}.
(fancyhdr)                You might also make \topmargin smaller to compensate:
(fancyhdr)                \addtolength{\topmargin}{-2.49998pt}.

[53 <./images/chapter4/jshigh.png>] (C:\Users\lenovo\AppData\Local\Programs\MiKTeX\tex/latex/listings\lstlang1.sty
File: lstlang1.sty 2020/03/24 1.8d listings language file
) (C:\Users\lenovo\AppData\Local\Programs\MiKTeX\tex/latex/listings\lstmisc.sty
File: lstmisc.sty 2020/03/24 1.8d (Carsten Heinz)
)
Package hyperref Info: bookmark level for unknown lstlisting defaults to 0 on input line 140.
LaTeX Font Info:    Trying to load font information for TS1+futs on input line 141.
 (C:\Users\lenovo\AppData\Local\Programs\MiKTeX\tex/latex/fourier\ts1futs.fd
File: ts1futs.fd 2003/09/14 Fontinst v1.801 font definitions for TS1/futs.
)

LaTeX Warning: `!h' float specifier changed to `!ht'.


Package fancyhdr Warning: \headheight is too small (12.0pt): 
(fancyhdr)                Make it at least 14.49998pt, for example:
(fancyhdr)                \setlength{\headheight}{14.49998pt}.
(fancyhdr)                You might also make \topmargin smaller to compensate:
(fancyhdr)                \addtolength{\topmargin}{-2.49998pt}.

[54]
Overfull \hbox (6.11642pt too wide) in paragraph at lines 247--247
[]\T1/futs/m/it/12 "A vi-sual dis-play of the most im-por-tant in-for-ma-tion needed to achieve
 []


Package fancyhdr Warning: \headheight is too small (12.0pt): 
(fancyhdr)                Make it at least 14.49998pt, for example:
(fancyhdr)                \setlength{\headheight}{14.49998pt}.
(fancyhdr)                You might also make \topmargin smaller to compensate:
(fancyhdr)                \addtolength{\topmargin}{-2.49998pt}.

[55]
<images/chapter4/application/userRole.PNG, id=1000, 671.50874pt x 514.92375pt>
File: images/chapter4/application/userRole.PNG Graphic file (type png)
<use images/chapter4/application/userRole.PNG>
Package pdftex.def Info: images/chapter4/application/userRole.PNG  used on input line 262.
(pdftex.def)             Requested size: 390.0pt x 299.05669pt.


Package fancyhdr Warning: \headheight is too small (12.0pt): 
(fancyhdr)                Make it at least 14.49998pt, for example:
(fancyhdr)                \setlength{\headheight}{14.49998pt}.
(fancyhdr)                You might also make \topmargin smaller to compensate:
(fancyhdr)                \addtolength{\topmargin}{-2.49998pt}.

[56 <./images/chapter4/application/userRole.PNG>]
<images/chapter4/application/needadmin.PNG, id=1007, 577.55775pt x 370.38374pt>
File: images/chapter4/application/needadmin.PNG Graphic file (type png)
<use images/chapter4/application/needadmin.PNG>
Package pdftex.def Info: images/chapter4/application/needadmin.PNG  used on input line 272.
(pdftex.def)             Requested size: 331.50238pt x 212.59598pt.
<images/chapter4/application/needDoc.PNG, id=1008, 663.6795pt x 447.47176pt>
File: images/chapter4/application/needDoc.PNG Graphic file (type png)
<use images/chapter4/application/needDoc.PNG>
Package pdftex.def Info: images/chapter4/application/needDoc.PNG  used on input line 277.
(pdftex.def)             Requested size: 331.50238pt x 223.51pt.
<images/chapter4/application/needUser.PNG, id=1009, 557.08125pt x 375.20175pt>
File: images/chapter4/application/needUser.PNG Graphic file (type png)
<use images/chapter4/application/needUser.PNG>
Package pdftex.def Info: images/chapter4/application/needUser.PNG  used on input line 282.
(pdftex.def)             Requested size: 331.50238pt x 223.27356pt.


LaTeX Warning: `!h' float specifier changed to `!ht'.


Package fancyhdr Warning: \headheight is too small (12.0pt): 
(fancyhdr)                Make it at least 14.49998pt, for example:
(fancyhdr)                \setlength{\headheight}{14.49998pt}.
(fancyhdr)                You might also make \topmargin smaller to compensate:
(fancyhdr)                \addtolength{\topmargin}{-2.49998pt}.

[57 <./images/chapter4/application/needadmin.PNG> <./images/chapter4/application/needDoc.PNG>]
<images/chapter4/application/docDashboard.PNG, id=1016, 752.8125pt x 502.2765pt>
File: images/chapter4/application/docDashboard.PNG Graphic file (type png)
<use images/chapter4/application/docDashboard.PNG>
Package pdftex.def Info: images/chapter4/application/docDashboard.PNG  used on input line 291.
(pdftex.def)             Requested size: 350.99762pt x 234.19228pt.
<images/chapter4/application/admindasboard.PNG, id=1017, 748.59676pt x 451.08525pt>
File: images/chapter4/application/admindasboard.PNG Graphic file (type png)
<use images/chapter4/application/admindasboard.PNG>
Package pdftex.def Info: images/chapter4/application/admindasboard.PNG  used on input line 297.
(pdftex.def)             Requested size: 350.99762pt x 211.50075pt.


LaTeX Warning: `!h' float specifier changed to `!ht'.

) (parts/conclusion.tex

Package fancyhdr Warning: \headheight is too small (12.0pt): 
(fancyhdr)                Make it at least 14.49998pt, for example:
(fancyhdr)                \setlength{\headheight}{14.49998pt}.
(fancyhdr)                You might also make \topmargin smaller to compensate:
(fancyhdr)                \addtolength{\topmargin}{-2.49998pt}.

[58 <./images/chapter4/application/needUser.PNG> <./images/chapter4/application/docDashboard.PNG>]

Package fancyhdr Warning: \headheight is too small (12.0pt): 
(fancyhdr)                Make it at least 14.49998pt, for example:
(fancyhdr)                \setlength{\headheight}{14.49998pt}.
(fancyhdr)                You might also make \topmargin smaller to compensate:
(fancyhdr)                \addtolength{\topmargin}{-2.49998pt}.

[59 <./images/chapter4/application/admindasboard.PNG>]
Chapter 6.

Overfull \hbox (16.58351pt too wide) in paragraph at lines 2--3
\T1/futs/m/n/12 During this grad-u-a-tion project, we touched on many ar-eas in the world of medicine
 []

) (main.bbl [60

]
Underfull \hbox (badness 10000) in paragraph at lines 4--6
[]\T1/futs/m/n/12 ATIH : Agence tech-nique de l'information sur l'hospitalisation.
 []


Overfull \hbox (158.31256pt too wide) in paragraph at lines 8--11
[]\T1/futs/m/n/12 Data Anal-y-sis - Pro-cess.  https://www.tutorialspoint.com/excel_data_analysis/data_analysis_process.htm. 
 []


Underfull \hbox (badness 1142) in paragraph at lines 13--17
[]\T1/futs/m/n/12 Data Anal-y-sis, Vi-su-al-iza-tion and In-ter-pre-ta-tion | MEALD Pro Starter.
 []


Underfull \hbox (badness 10000) in paragraph at lines 13--17
\T1/futs/m/n/12 https://mealdprostarter.org/n-data-analysis-visualization-and-
 []


Underfull \hbox (badness 10000) in paragraph at lines 19--21
[]\T1/futs/m/n/12 Data Vi-su-al-i-sa-tion | Mi-crosoft Power BI.
 []


Underfull \hbox (badness 6978) in paragraph at lines 27--29
[]\T1/futs/m/n/12 Electronic Med-i-cal Record Sys-tems | Dig-i-tal Health-care Re-search.
 []


Underfull \hbox (badness 10000) in paragraph at lines 34--37
[]\T1/futs/m/n/12 Healthcare data vol-ume glob-ally 2020 fore-cast.
 []


Underfull \hbox (badness 10000) in paragraph at lines 34--37
\T1/futs/m/n/12 https://www.statista.com/statistics/1037970/global-healthcare-data-
 []


Overfull \hbox (0.99278pt too wide) in paragraph at lines 42--44
[]\T1/futs/m/n/12 Introduction $\FMS/futm/m/n/12 $ \T1/futs/m/n/12 Boot-strap v5.0.  https://getbootstrap.com/docs/5.0/getting-
 []


Underfull \hbox (badness 10000) in paragraph at lines 54--56
[]\T1/futs/m/n/12 The Key to Main-tain-ing Med-i-cal Records | Smartsheet.
 []


Underfull \hbox (badness 10000) in paragraph at lines 62--66
[]\T1/futs/m/n/12 Paper-based ver-sus computer-based records in the emer-
 []


Underfull \hbox (badness 10000) in paragraph at lines 62--66
\T1/futs/m/n/12 gency de-part-ment: Staff pref-er-ences, ex-pec-ta-tions, and con-
 []


Underfull \hbox (badness 8075) in paragraph at lines 62--66
\T1/futs/m/n/12 cerns - Haleh Ay-a-tol-lahi, Pe-ter A. Bath, Steve Goodacre, 2009.
 []

[61

]
Overfull \hbox (27.9327pt too wide) in paragraph at lines 68--70
[]\T1/futs/m/n/12 Python (lan-gage)  Wikip-dia.  https://fr.wikipedia.org/wiki/Python_(langage). 
 []


Underfull \hbox (badness 10000) in paragraph at lines 72--74
[]\T1/futs/m/n/12 Talend Open Stu-dio for Data In-te-gra-tion.  https://www.next-
 []


Underfull \hbox (badness 10000) in paragraph at lines 80--83
[]\T1/futs/m/n/12 What is CSS? - Learn web de-vel-op-ment
 []


Underfull \hbox (badness 10000) in paragraph at lines 80--83
\T1/futs/m/n/12 | MDN.  https://developer.mozilla.org/en-
 []


Underfull \hbox (badness 10000) in paragraph at lines 99--101
[]\T1/futs/m/n/12 What Is the Data Anal-y-sis Pro-cess? 5 Key Steps to Fol-low.
 []


Underfull \hbox (badness 10000) in paragraph at lines 103--106
[]\T1/futs/m/n/12 Wheel | What are Elec-tronic Med-i-cal Records.
 []


Underfull \hbox (badness 10000) in paragraph at lines 103--106
\T1/futs/m/n/12 https://www.wheel.com/companies-blog/what-are-electronic-medical-
 []


Package fancyhdr Warning: \headheight is too small (12.0pt): 
(fancyhdr)                Make it at least 14.49998pt, for example:
(fancyhdr)                \setlength{\headheight}{14.49998pt}.
(fancyhdr)                You might also make \topmargin smaller to compensate:
(fancyhdr)                \addtolength{\topmargin}{-2.49998pt}.

[62]
Underfull \hbox (badness 1062) in paragraph at lines 185--188
\T1/futs/m/n/12 Kaushik.  Big data in health-care: man-age-ment, anal-y-sis and fu-ture
 []


Package fancyhdr Warning: \headheight is too small (12.0pt): 
(fancyhdr)                Make it at least 14.49998pt, for example:
(fancyhdr)                \setlength{\headheight}{14.49998pt}.
(fancyhdr)                You might also make \topmargin smaller to compensate:
(fancyhdr)                \addtolength{\topmargin}{-2.49998pt}.

[63]
Underfull \hbox (badness 1052) in paragraph at lines 261--265
\T1/futs/m/n/12 Af-saneh Dehnad.  Se-cu-rity re-quire-ments of in-ter-net of things-based
 []


Package fancyhdr Warning: \headheight is too small (12.0pt): 
(fancyhdr)                Make it at least 14.49998pt, for example:
(fancyhdr)                \setlength{\headheight}{14.49998pt}.
(fancyhdr)                You might also make \topmargin smaller to compensate:
(fancyhdr)                \addtolength{\topmargin}{-2.49998pt}.

[64]
Underfull \hbox (badness 4229) in paragraph at lines 274--278
[]\T1/futs/m/n/12 Drew Robb.  Power BI vs. Tableau: 2022 Soft-ware Com-par-i-son.
 []


Underfull \hbox (badness 10000) in paragraph at lines 274--278
\T1/futs/m/n/12 https://www.eweek.com/big-data-and-analytics/power-bi-vs-tableau/,
 []


Package fancyhdr Warning: \headheight is too small (12.0pt): 
(fancyhdr)                Make it at least 14.49998pt, for example:
(fancyhdr)                \setlength{\headheight}{14.49998pt}.
(fancyhdr)                You might also make \topmargin smaller to compensate:
(fancyhdr)                \addtolength{\topmargin}{-2.49998pt}.

[65])

Package fancyhdr Warning: \headheight is too small (12.0pt): 
(fancyhdr)                Make it at least 14.49998pt, for example:
(fancyhdr)                \setlength{\headheight}{14.49998pt}.
(fancyhdr)                You might also make \topmargin smaller to compensate:
(fancyhdr)                \addtolength{\topmargin}{-2.49998pt}.

[66] (main.aux)
Package rerunfilecheck Info: File `main.out' has not changed.
(rerunfilecheck)             Checksum: CBE6430A60A2B853298A89E1559BC2C3;6809.
 ) 
Here is how much of TeX's memory you used:
 24701 strings out of 478699
 431584 string characters out of 2846487
 1181124 words of memory out of 3000000
 41934 multiletter control sequences out of 15000+600000
 489584 words of font info for 88 fonts, out of 8000000 for 9000
 1141 hyphenation exceptions out of 8191
 91i,17n,131p,1207b,1800s stack positions out of 5000i,500n,10000p,200000b,80000s
{C:/Users/lenovo/AppData/Local/Programs/MiKTeX/fonts/enc/dvips/base/8r.enc}<C:/Users/lenovo/AppData/Local/Programs/MiKTeX/fonts/type1/public/fourier/fourier-ms.pfb><C:/Users/lenovo/AppData/Local/Programs/MiKTeX/fonts/type1/adobe/utopia/putb8a.pfb><C:/Users/lenovo/AppData/Local/Programs/MiKTeX/fonts/type1/adobe/utopia/putbi8a.pfb><C:/Users/lenovo/AppData/Local/Programs/MiKTeX/fonts/type1/adobe/utopia/putr8a.pfb><C:/Users/lenovo/AppData/Local/Programs/MiKTeX/fonts/type1/adobe/utopia/putri8a.pfb>
Output written on main.pdf (71 pages, 5194896 bytes).
PDF statistics:
 1156 PDF objects out of 1200 (max. 8388607)
 338 named destinations out of 1000 (max. 500000)
 626 words of extra memory for PDF output out of 10000 (max. 10000000)

